2021-06-25 12:11:36.623  INFO 13360 --- [main] c.e.m.Application                        : Starting Application on Aashu with PID 13360 (D:\spring\employee-management\employee-management\target\classes started by HP in D:\spring\employee-management\employee-management)
2021-06-25 12:11:36.774  INFO 13360 --- [main] c.e.m.Application                        : No active profile set, falling back to default profiles: default
2021-06-25 12:11:37.019  INFO 13360 --- [main] ationConfigEmbeddedWebApplicationContext : Refreshing org.springframework.boot.context.embedded.AnnotationConfigEmbeddedWebApplicationContext@26fb628: startup date [Fri Jun 25 12:11:36 IST 2021]; root of context hierarchy
2021-06-25 12:11:42.416  INFO 13360 --- [main] trationDelegate$BeanPostProcessorChecker : Bean 'org.springframework.ws.config.annotation.DelegatingWsConfiguration' of type [class org.springframework.ws.config.annotation.DelegatingWsConfiguration$$EnhancerBySpringCGLIB$$f34b0e75] is not eligible for getting processed by all BeanPostProcessors (for example: not eligible for auto-proxying)
2021-06-25 12:11:44.781  INFO 13360 --- [main] .w.s.a.s.AnnotationActionEndpointMapping : Supporting [WS-Addressing August 2004, WS-Addressing 1.0]
2021-06-25 12:11:44.841  INFO 13360 --- [main] trationDelegate$BeanPostProcessorChecker : Bean 'org.springframework.transaction.annotation.ProxyTransactionManagementConfiguration' of type [class org.springframework.transaction.annotation.ProxyTransactionManagementConfiguration$$EnhancerBySpringCGLIB$$4eb34976] is not eligible for getting processed by all BeanPostProcessors (for example: not eligible for auto-proxying)
2021-06-25 12:11:45.313  WARN 13360 --- [main] ationConfigEmbeddedWebApplicationContext : Exception encountered during context initialization - cancelling refresh attempt: org.springframework.context.ApplicationContextException: Unable to start embedded container; nested exception is org.springframework.beans.factory.BeanCreationException: Error creating bean with name 'tomcatEmbeddedServletContainerFactory' defined in class path resource [org/springframework/boot/autoconfigure/web/EmbeddedServletContainerAutoConfiguration$EmbeddedTomcat.class]: Initialization of bean failed; nested exception is org.springframework.beans.factory.UnsatisfiedDependencyException: Error creating bean with name 'org.springframework.boot.autoconfigure.web.HttpEncodingAutoConfiguration': Unsatisfied dependency expressed through constructor parameter 0; nested exception is org.springframework.beans.factory.BeanCreationException: Error creating bean with name 'spring.http.encoding-org.springframework.boot.autoconfigure.web.HttpEncodingProperties': Initialization of bean failed; nested exception is java.lang.NoClassDefFoundError: javax/xml/bind/ValidationException
2021-06-25 12:11:45.325 ERROR 13360 --- [main] o.s.b.SpringApplication                  : Application startup failed

org.springframework.context.ApplicationContextException: Unable to start embedded container; nested exception is org.springframework.beans.factory.BeanCreationException: Error creating bean with name 'tomcatEmbeddedServletContainerFactory' defined in class path resource [org/springframework/boot/autoconfigure/web/EmbeddedServletContainerAutoConfiguration$EmbeddedTomcat.class]: Initialization of bean failed; nested exception is org.springframework.beans.factory.UnsatisfiedDependencyException: Error creating bean with name 'org.springframework.boot.autoconfigure.web.HttpEncodingAutoConfiguration': Unsatisfied dependency expressed through constructor parameter 0; nested exception is org.springframework.beans.factory.BeanCreationException: Error creating bean with name 'spring.http.encoding-org.springframework.boot.autoconfigure.web.HttpEncodingProperties': Initialization of bean failed; nested exception is java.lang.NoClassDefFoundError: javax/xml/bind/ValidationException
	at org.springframework.boot.context.embedded.EmbeddedWebApplicationContext.onRefresh(EmbeddedWebApplicationContext.java:137) ~[spring-boot-1.4.4.RELEASE.jar:1.4.4.RELEASE]
	at org.springframework.context.support.AbstractApplicationContext.refresh(AbstractApplicationContext.java:536) ~[spring-context-4.3.6.RELEASE.jar:4.3.6.RELEASE]
	at org.springframework.boot.context.embedded.EmbeddedWebApplicationContext.refresh(EmbeddedWebApplicationContext.java:122) ~[spring-boot-1.4.4.RELEASE.jar:1.4.4.RELEASE]
	at org.springframework.boot.SpringApplication.refresh(SpringApplication.java:762) [spring-boot-1.4.4.RELEASE.jar:1.4.4.RELEASE]
	at org.springframework.boot.SpringApplication.refreshContext(SpringApplication.java:372) [spring-boot-1.4.4.RELEASE.jar:1.4.4.RELEASE]
	at org.springframework.boot.SpringApplication.run(SpringApplication.java:316) [spring-boot-1.4.4.RELEASE.jar:1.4.4.RELEASE]
	at org.springframework.boot.SpringApplication.run(SpringApplication.java:1187) [spring-boot-1.4.4.RELEASE.jar:1.4.4.RELEASE]
	at org.springframework.boot.SpringApplication.run(SpringApplication.java:1176) [spring-boot-1.4.4.RELEASE.jar:1.4.4.RELEASE]
	at com.employee.management.Application.main(Application.java:18) [classes/:?]
Caused by: org.springframework.beans.factory.BeanCreationException: Error creating bean with name 'tomcatEmbeddedServletContainerFactory' defined in class path resource [org/springframework/boot/autoconfigure/web/EmbeddedServletContainerAutoConfiguration$EmbeddedTomcat.class]: Initialization of bean failed; nested exception is org.springframework.beans.factory.UnsatisfiedDependencyException: Error creating bean with name 'org.springframework.boot.autoconfigure.web.HttpEncodingAutoConfiguration': Unsatisfied dependency expressed through constructor parameter 0; nested exception is org.springframework.beans.factory.BeanCreationException: Error creating bean with name 'spring.http.encoding-org.springframework.boot.autoconfigure.web.HttpEncodingProperties': Initialization of bean failed; nested exception is java.lang.NoClassDefFoundError: javax/xml/bind/ValidationException
	at org.springframework.beans.factory.support.AbstractAutowireCapableBeanFactory.doCreateBean(AbstractAutowireCapableBeanFactory.java:564) ~[spring-beans-4.3.6.RELEASE.jar:4.3.6.RELEASE]
	at org.springframework.beans.factory.support.AbstractAutowireCapableBeanFactory.createBean(AbstractAutowireCapableBeanFactory.java:483) ~[spring-beans-4.3.6.RELEASE.jar:4.3.6.RELEASE]
	at org.springframework.beans.factory.support.AbstractBeanFactory$1.getObject(AbstractBeanFactory.java:306) ~[spring-beans-4.3.6.RELEASE.jar:4.3.6.RELEASE]
	at org.springframework.beans.factory.support.DefaultSingletonBeanRegistry.getSingleton(DefaultSingletonBeanRegistry.java:230) ~[spring-beans-4.3.6.RELEASE.jar:4.3.6.RELEASE]
	at org.springframework.beans.factory.support.AbstractBeanFactory.doGetBean(AbstractBeanFactory.java:302) ~[spring-beans-4.3.6.RELEASE.jar:4.3.6.RELEASE]
	at org.springframework.beans.factory.support.AbstractBeanFactory.getBean(AbstractBeanFactory.java:202) ~[spring-beans-4.3.6.RELEASE.jar:4.3.6.RELEASE]
	at org.springframework.boot.context.embedded.EmbeddedWebApplicationContext.getEmbeddedServletContainerFactory(EmbeddedWebApplicationContext.java:199) ~[spring-boot-1.4.4.RELEASE.jar:1.4.4.RELEASE]
	at org.springframework.boot.context.embedded.EmbeddedWebApplicationContext.createEmbeddedServletContainer(EmbeddedWebApplicationContext.java:162) ~[spring-boot-1.4.4.RELEASE.jar:1.4.4.RELEASE]
	at org.springframework.boot.context.embedded.EmbeddedWebApplicationContext.onRefresh(EmbeddedWebApplicationContext.java:134) ~[spring-boot-1.4.4.RELEASE.jar:1.4.4.RELEASE]
	... 8 more
Caused by: org.springframework.beans.factory.UnsatisfiedDependencyException: Error creating bean with name 'org.springframework.boot.autoconfigure.web.HttpEncodingAutoConfiguration': Unsatisfied dependency expressed through constructor parameter 0; nested exception is org.springframework.beans.factory.BeanCreationException: Error creating bean with name 'spring.http.encoding-org.springframework.boot.autoconfigure.web.HttpEncodingProperties': Initialization of bean failed; nested exception is java.lang.NoClassDefFoundError: javax/xml/bind/ValidationException
	at org.springframework.beans.factory.support.ConstructorResolver.createArgumentArray(ConstructorResolver.java:749) ~[spring-beans-4.3.6.RELEASE.jar:4.3.6.RELEASE]
	at org.springframework.beans.factory.support.ConstructorResolver.autowireConstructor(ConstructorResolver.java:189) ~[spring-beans-4.3.6.RELEASE.jar:4.3.6.RELEASE]
	at org.springframework.beans.factory.support.AbstractAutowireCapableBeanFactory.autowireConstructor(AbstractAutowireCapableBeanFactory.java:1193) ~[spring-beans-4.3.6.RELEASE.jar:4.3.6.RELEASE]
	at org.springframework.beans.factory.support.AbstractAutowireCapableBeanFactory.createBeanInstance(AbstractAutowireCapableBeanFactory.java:1095) ~[spring-beans-4.3.6.RELEASE.jar:4.3.6.RELEASE]
	at org.springframework.beans.factory.support.AbstractAutowireCapableBeanFactory.doCreateBean(AbstractAutowireCapableBeanFactory.java:513) ~[spring-beans-4.3.6.RELEASE.jar:4.3.6.RELEASE]
	at org.springframework.beans.factory.support.AbstractAutowireCapableBeanFactory.createBean(AbstractAutowireCapableBeanFactory.java:483) ~[spring-beans-4.3.6.RELEASE.jar:4.3.6.RELEASE]
	at org.springframework.beans.factory.support.AbstractBeanFactory$1.getObject(AbstractBeanFactory.java:306) ~[spring-beans-4.3.6.RELEASE.jar:4.3.6.RELEASE]
	at org.springframework.beans.factory.support.DefaultSingletonBeanRegistry.getSingleton(DefaultSingletonBeanRegistry.java:230) ~[spring-beans-4.3.6.RELEASE.jar:4.3.6.RELEASE]
	at org.springframework.beans.factory.support.AbstractBeanFactory.doGetBean(AbstractBeanFactory.java:302) ~[spring-beans-4.3.6.RELEASE.jar:4.3.6.RELEASE]
	at org.springframework.beans.factory.support.AbstractBeanFactory.getBean(AbstractBeanFactory.java:197) ~[spring-beans-4.3.6.RELEASE.jar:4.3.6.RELEASE]
	at org.springframework.beans.factory.support.ConstructorResolver.instantiateUsingFactoryMethod(ConstructorResolver.java:372) ~[spring-beans-4.3.6.RELEASE.jar:4.3.6.RELEASE]
	at org.springframework.beans.factory.support.AbstractAutowireCapableBeanFactory.instantiateUsingFactoryMethod(AbstractAutowireCapableBeanFactory.java:1173) ~[spring-beans-4.3.6.RELEASE.jar:4.3.6.RELEASE]
	at org.springframework.beans.factory.support.AbstractAutowireCapableBeanFactory.createBeanInstance(AbstractAutowireCapableBeanFactory.java:1067) ~[spring-beans-4.3.6.RELEASE.jar:4.3.6.RELEASE]
	at org.springframework.beans.factory.support.AbstractAutowireCapableBeanFactory.doCreateBean(AbstractAutowireCapableBeanFactory.java:513) ~[spring-beans-4.3.6.RELEASE.jar:4.3.6.RELEASE]
	at org.springframework.beans.factory.support.AbstractAutowireCapableBeanFactory.createBean(AbstractAutowireCapableBeanFactory.java:483) ~[spring-beans-4.3.6.RELEASE.jar:4.3.6.RELEASE]
	at org.springframework.beans.factory.support.AbstractBeanFactory$1.getObject(AbstractBeanFactory.java:306) ~[spring-beans-4.3.6.RELEASE.jar:4.3.6.RELEASE]
	at org.springframework.beans.factory.support.DefaultSingletonBeanRegistry.getSingleton(DefaultSingletonBeanRegistry.java:230) ~[spring-beans-4.3.6.RELEASE.jar:4.3.6.RELEASE]
	at org.springframework.beans.factory.support.AbstractBeanFactory.doGetBean(AbstractBeanFactory.java:302) ~[spring-beans-4.3.6.RELEASE.jar:4.3.6.RELEASE]
	at org.springframework.beans.factory.support.AbstractBeanFactory.getBean(AbstractBeanFactory.java:202) ~[spring-beans-4.3.6.RELEASE.jar:4.3.6.RELEASE]
	at org.springframework.beans.factory.support.DefaultListableBeanFactory.getBeansOfType(DefaultListableBeanFactory.java:519) ~[spring-beans-4.3.6.RELEASE.jar:4.3.6.RELEASE]
	at org.springframework.context.support.AbstractApplicationContext.getBeansOfType(AbstractApplicationContext.java:1197) ~[spring-context-4.3.6.RELEASE.jar:4.3.6.RELEASE]
	at org.springframework.boot.context.embedded.EmbeddedServletContainerCustomizerBeanPostProcessor.getCustomizers(EmbeddedServletContainerCustomizerBeanPostProcessor.java:77) ~[spring-boot-1.4.4.RELEASE.jar:1.4.4.RELEASE]
	at org.springframework.boot.context.embedded.EmbeddedServletContainerCustomizerBeanPostProcessor.postProcessBeforeInitialization(EmbeddedServletContainerCustomizerBeanPostProcessor.java:67) ~[spring-boot-1.4.4.RELEASE.jar:1.4.4.RELEASE]
	at org.springframework.boot.context.embedded.EmbeddedServletContainerCustomizerBeanPostProcessor.postProcessBeforeInitialization(EmbeddedServletContainerCustomizerBeanPostProcessor.java:54) ~[spring-boot-1.4.4.RELEASE.jar:1.4.4.RELEASE]
	at org.springframework.beans.factory.support.AbstractAutowireCapableBeanFactory.applyBeanPostProcessorsBeforeInitialization(AbstractAutowireCapableBeanFactory.java:409) ~[spring-beans-4.3.6.RELEASE.jar:4.3.6.RELEASE]
	at org.springframework.beans.factory.support.AbstractAutowireCapableBeanFactory.initializeBean(AbstractAutowireCapableBeanFactory.java:1620) ~[spring-beans-4.3.6.RELEASE.jar:4.3.6.RELEASE]
	at org.springframework.beans.factory.support.AbstractAutowireCapableBeanFactory.doCreateBean(AbstractAutowireCapableBeanFactory.java:555) ~[spring-beans-4.3.6.RELEASE.jar:4.3.6.RELEASE]
	at org.springframework.beans.factory.support.AbstractAutowireCapableBeanFactory.createBean(AbstractAutowireCapableBeanFactory.java:483) ~[spring-beans-4.3.6.RELEASE.jar:4.3.6.RELEASE]
	at org.springframework.beans.factory.support.AbstractBeanFactory$1.getObject(AbstractBeanFactory.java:306) ~[spring-beans-4.3.6.RELEASE.jar:4.3.6.RELEASE]
	at org.springframework.beans.factory.support.DefaultSingletonBeanRegistry.getSingleton(DefaultSingletonBeanRegistry.java:230) ~[spring-beans-4.3.6.RELEASE.jar:4.3.6.RELEASE]
	at org.springframework.beans.factory.support.AbstractBeanFactory.doGetBean(AbstractBeanFactory.java:302) ~[spring-beans-4.3.6.RELEASE.jar:4.3.6.RELEASE]
	at org.springframework.beans.factory.support.AbstractBeanFactory.getBean(AbstractBeanFactory.java:202) ~[spring-beans-4.3.6.RELEASE.jar:4.3.6.RELEASE]
	at org.springframework.boot.context.embedded.EmbeddedWebApplicationContext.getEmbeddedServletContainerFactory(EmbeddedWebApplicationContext.java:199) ~[spring-boot-1.4.4.RELEASE.jar:1.4.4.RELEASE]
	at org.springframework.boot.context.embedded.EmbeddedWebApplicationContext.createEmbeddedServletContainer(EmbeddedWebApplicationContext.java:162) ~[spring-boot-1.4.4.RELEASE.jar:1.4.4.RELEASE]
	at org.springframework.boot.context.embedded.EmbeddedWebApplicationContext.onRefresh(EmbeddedWebApplicationContext.java:134) ~[spring-boot-1.4.4.RELEASE.jar:1.4.4.RELEASE]
	... 8 more
Caused by: org.springframework.beans.factory.BeanCreationException: Error creating bean with name 'spring.http.encoding-org.springframework.boot.autoconfigure.web.HttpEncodingProperties': Initialization of bean failed; nested exception is java.lang.NoClassDefFoundError: javax/xml/bind/ValidationException
	at org.springframework.beans.factory.support.AbstractAutowireCapableBeanFactory.doCreateBean(AbstractAutowireCapableBeanFactory.java:564) ~[spring-beans-4.3.6.RELEASE.jar:4.3.6.RELEASE]
	at org.springframework.beans.factory.support.AbstractAutowireCapableBeanFactory.createBean(AbstractAutowireCapableBeanFactory.java:483) ~[spring-beans-4.3.6.RELEASE.jar:4.3.6.RELEASE]
	at org.springframework.beans.factory.support.AbstractBeanFactory$1.getObject(AbstractBeanFactory.java:306) ~[spring-beans-4.3.6.RELEASE.jar:4.3.6.RELEASE]
	at org.springframework.beans.factory.support.DefaultSingletonBeanRegistry.getSingleton(DefaultSingletonBeanRegistry.java:230) ~[spring-beans-4.3.6.RELEASE.jar:4.3.6.RELEASE]
	at org.springframework.beans.factory.support.AbstractBeanFactory.doGetBean(AbstractBeanFactory.java:302) ~[spring-beans-4.3.6.RELEASE.jar:4.3.6.RELEASE]
	at org.springframework.beans.factory.support.AbstractBeanFactory.getBean(AbstractBeanFactory.java:202) ~[spring-beans-4.3.6.RELEASE.jar:4.3.6.RELEASE]
	at org.springframework.beans.factory.config.DependencyDescriptor.resolveCandidate(DependencyDescriptor.java:208) ~[spring-beans-4.3.6.RELEASE.jar:4.3.6.RELEASE]
	at org.springframework.beans.factory.support.DefaultListableBeanFactory.doResolveDependency(DefaultListableBeanFactory.java:1138) ~[spring-beans-4.3.6.RELEASE.jar:4.3.6.RELEASE]
	at org.springframework.beans.factory.support.DefaultListableBeanFactory.resolveDependency(DefaultListableBeanFactory.java:1066) ~[spring-beans-4.3.6.RELEASE.jar:4.3.6.RELEASE]
	at org.springframework.beans.factory.support.ConstructorResolver.resolveAutowiredArgument(ConstructorResolver.java:835) ~[spring-beans-4.3.6.RELEASE.jar:4.3.6.RELEASE]
	at org.springframework.beans.factory.support.ConstructorResolver.createArgumentArray(ConstructorResolver.java:741) ~[spring-beans-4.3.6.RELEASE.jar:4.3.6.RELEASE]
	at org.springframework.beans.factory.support.ConstructorResolver.autowireConstructor(ConstructorResolver.java:189) ~[spring-beans-4.3.6.RELEASE.jar:4.3.6.RELEASE]
	at org.springframework.beans.factory.support.AbstractAutowireCapableBeanFactory.autowireConstructor(AbstractAutowireCapableBeanFactory.java:1193) ~[spring-beans-4.3.6.RELEASE.jar:4.3.6.RELEASE]
	at org.springframework.beans.factory.support.AbstractAutowireCapableBeanFactory.createBeanInstance(AbstractAutowireCapableBeanFactory.java:1095) ~[spring-beans-4.3.6.RELEASE.jar:4.3.6.RELEASE]
	at org.springframework.beans.factory.support.AbstractAutowireCapableBeanFactory.doCreateBean(AbstractAutowireCapableBeanFactory.java:513) ~[spring-beans-4.3.6.RELEASE.jar:4.3.6.RELEASE]
	at org.springframework.beans.factory.support.AbstractAutowireCapableBeanFactory.createBean(AbstractAutowireCapableBeanFactory.java:483) ~[spring-beans-4.3.6.RELEASE.jar:4.3.6.RELEASE]
	at org.springframework.beans.factory.support.AbstractBeanFactory$1.getObject(AbstractBeanFactory.java:306) ~[spring-beans-4.3.6.RELEASE.jar:4.3.6.RELEASE]
	at org.springframework.beans.factory.support.DefaultSingletonBeanRegistry.getSingleton(DefaultSingletonBeanRegistry.java:230) ~[spring-beans-4.3.6.RELEASE.jar:4.3.6.RELEASE]
	at org.springframework.beans.factory.support.AbstractBeanFactory.doGetBean(AbstractBeanFactory.java:302) ~[spring-beans-4.3.6.RELEASE.jar:4.3.6.RELEASE]
	at org.springframework.beans.factory.support.AbstractBeanFactory.getBean(AbstractBeanFactory.java:197) ~[spring-beans-4.3.6.RELEASE.jar:4.3.6.RELEASE]
	at org.springframework.beans.factory.support.ConstructorResolver.instantiateUsingFactoryMethod(ConstructorResolver.java:372) ~[spring-beans-4.3.6.RELEASE.jar:4.3.6.RELEASE]
	at org.springframework.beans.factory.support.AbstractAutowireCapableBeanFactory.instantiateUsingFactoryMethod(AbstractAutowireCapableBeanFactory.java:1173) ~[spring-beans-4.3.6.RELEASE.jar:4.3.6.RELEASE]
	at org.springframework.beans.factory.support.AbstractAutowireCapableBeanFactory.createBeanInstance(AbstractAutowireCapableBeanFactory.java:1067) ~[spring-beans-4.3.6.RELEASE.jar:4.3.6.RELEASE]
	at org.springframework.beans.factory.support.AbstractAutowireCapableBeanFactory.doCreateBean(AbstractAutowireCapableBeanFactory.java:513) ~[spring-beans-4.3.6.RELEASE.jar:4.3.6.RELEASE]
	at org.springframework.beans.factory.support.AbstractAutowireCapableBeanFactory.createBean(AbstractAutowireCapableBeanFactory.java:483) ~[spring-beans-4.3.6.RELEASE.jar:4.3.6.RELEASE]
	at org.springframework.beans.factory.support.AbstractBeanFactory$1.getObject(AbstractBeanFactory.java:306) ~[spring-beans-4.3.6.RELEASE.jar:4.3.6.RELEASE]
	at org.springframework.beans.factory.support.DefaultSingletonBeanRegistry.getSingleton(DefaultSingletonBeanRegistry.java:230) ~[spring-beans-4.3.6.RELEASE.jar:4.3.6.RELEASE]
	at org.springframework.beans.factory.support.AbstractBeanFactory.doGetBean(AbstractBeanFactory.java:302) ~[spring-beans-4.3.6.RELEASE.jar:4.3.6.RELEASE]
	at org.springframework.beans.factory.support.AbstractBeanFactory.getBean(AbstractBeanFactory.java:202) ~[spring-beans-4.3.6.RELEASE.jar:4.3.6.RELEASE]
	at org.springframework.beans.factory.support.DefaultListableBeanFactory.getBeansOfType(DefaultListableBeanFactory.java:519) ~[spring-beans-4.3.6.RELEASE.jar:4.3.6.RELEASE]
	at org.springframework.context.support.AbstractApplicationContext.getBeansOfType(AbstractApplicationContext.java:1197) ~[spring-context-4.3.6.RELEASE.jar:4.3.6.RELEASE]
	at org.springframework.boot.context.embedded.EmbeddedServletContainerCustomizerBeanPostProcessor.getCustomizers(EmbeddedServletContainerCustomizerBeanPostProcessor.java:77) ~[spring-boot-1.4.4.RELEASE.jar:1.4.4.RELEASE]
	at org.springframework.boot.context.embedded.EmbeddedServletContainerCustomizerBeanPostProcessor.postProcessBeforeInitialization(EmbeddedServletContainerCustomizerBeanPostProcessor.java:67) ~[spring-boot-1.4.4.RELEASE.jar:1.4.4.RELEASE]
	at org.springframework.boot.context.embedded.EmbeddedServletContainerCustomizerBeanPostProcessor.postProcessBeforeInitialization(EmbeddedServletContainerCustomizerBeanPostProcessor.java:54) ~[spring-boot-1.4.4.RELEASE.jar:1.4.4.RELEASE]
	at org.springframework.beans.factory.support.AbstractAutowireCapableBeanFactory.applyBeanPostProcessorsBeforeInitialization(AbstractAutowireCapableBeanFactory.java:409) ~[spring-beans-4.3.6.RELEASE.jar:4.3.6.RELEASE]
	at org.springframework.beans.factory.support.AbstractAutowireCapableBeanFactory.initializeBean(AbstractAutowireCapableBeanFactory.java:1620) ~[spring-beans-4.3.6.RELEASE.jar:4.3.6.RELEASE]
	at org.springframework.beans.factory.support.AbstractAutowireCapableBeanFactory.doCreateBean(AbstractAutowireCapableBeanFactory.java:555) ~[spring-beans-4.3.6.RELEASE.jar:4.3.6.RELEASE]
	at org.springframework.beans.factory.support.AbstractAutowireCapableBeanFactory.createBean(AbstractAutowireCapableBeanFactory.java:483) ~[spring-beans-4.3.6.RELEASE.jar:4.3.6.RELEASE]
	at org.springframework.beans.factory.support.AbstractBeanFactory$1.getObject(AbstractBeanFactory.java:306) ~[spring-beans-4.3.6.RELEASE.jar:4.3.6.RELEASE]
	at org.springframework.beans.factory.support.DefaultSingletonBeanRegistry.getSingleton(DefaultSingletonBeanRegistry.java:230) ~[spring-beans-4.3.6.RELEASE.jar:4.3.6.RELEASE]
	at org.springframework.beans.factory.support.AbstractBeanFactory.doGetBean(AbstractBeanFactory.java:302) ~[spring-beans-4.3.6.RELEASE.jar:4.3.6.RELEASE]
	at org.springframework.beans.factory.support.AbstractBeanFactory.getBean(AbstractBeanFactory.java:202) ~[spring-beans-4.3.6.RELEASE.jar:4.3.6.RELEASE]
	at org.springframework.boot.context.embedded.EmbeddedWebApplicationContext.getEmbeddedServletContainerFactory(EmbeddedWebApplicationContext.java:199) ~[spring-boot-1.4.4.RELEASE.jar:1.4.4.RELEASE]
	at org.springframework.boot.context.embedded.EmbeddedWebApplicationContext.createEmbeddedServletContainer(EmbeddedWebApplicationContext.java:162) ~[spring-boot-1.4.4.RELEASE.jar:1.4.4.RELEASE]
	at org.springframework.boot.context.embedded.EmbeddedWebApplicationContext.onRefresh(EmbeddedWebApplicationContext.java:134) ~[spring-boot-1.4.4.RELEASE.jar:1.4.4.RELEASE]
	... 8 more
Caused by: java.lang.NoClassDefFoundError: javax/xml/bind/ValidationException
	at java.base/java.lang.ClassLoader.defineClass1(Native Method) ~[?:?]
	at java.base/java.lang.ClassLoader.defineClass(ClassLoader.java:1017) ~[?:?]
	at java.base/java.security.SecureClassLoader.defineClass(SecureClassLoader.java:174) ~[?:?]
	at java.base/jdk.internal.loader.BuiltinClassLoader.defineClass(BuiltinClassLoader.java:800) ~[?:?]
	at java.base/jdk.internal.loader.BuiltinClassLoader.findClassOnClassPathOrNull(BuiltinClassLoader.java:698) ~[?:?]
	at java.base/jdk.internal.loader.BuiltinClassLoader.loadClassOrNull(BuiltinClassLoader.java:621) ~[?:?]
	at java.base/jdk.internal.loader.BuiltinClassLoader.loadClass(BuiltinClassLoader.java:579) ~[?:?]
	at java.base/jdk.internal.loader.ClassLoaders$AppClassLoader.loadClass(ClassLoaders.java:178) ~[?:?]
	at java.base/java.lang.ClassLoader.loadClass(ClassLoader.java:522) ~[?:?]
	at org.hibernate.validator.internal.engine.ConfigurationImpl.<init>(ConfigurationImpl.java:129) ~[hibernate-validator-5.2.4.Final.jar:5.2.4.Final]
	at org.hibernate.validator.internal.engine.ConfigurationImpl.<init>(ConfigurationImpl.java:96) ~[hibernate-validator-5.2.4.Final.jar:5.2.4.Final]
	at org.hibernate.validator.HibernateValidator.createGenericConfiguration(HibernateValidator.java:31) ~[hibernate-validator-5.2.4.Final.jar:5.2.4.Final]
	at javax.validation.Validation$GenericBootstrapImpl.configure(Validation.java:276) ~[validation-api-1.1.0.Final.jar:?]
	at org.springframework.validation.beanvalidation.LocalValidatorFactoryBean.afterPropertiesSet(LocalValidatorFactoryBean.java:248) ~[spring-context-4.3.6.RELEASE.jar:4.3.6.RELEASE]
	at org.springframework.boot.context.properties.ConfigurationPropertiesBindingPostProcessor$LocalValidatorFactory.run(ConfigurationPropertiesBindingPostProcessor.java:453) ~[spring-boot-1.4.4.RELEASE.jar:1.4.4.RELEASE]
	at org.springframework.boot.context.properties.ConfigurationPropertiesBindingPostProcessor.getValidator(ConfigurationPropertiesBindingPostProcessor.java:387) ~[spring-boot-1.4.4.RELEASE.jar:1.4.4.RELEASE]
	at org.springframework.boot.context.properties.ConfigurationPropertiesBindingPostProcessor.determineValidator(ConfigurationPropertiesBindingPostProcessor.java:370) ~[spring-boot-1.4.4.RELEASE.jar:1.4.4.RELEASE]
	at org.springframework.boot.context.properties.ConfigurationPropertiesBindingPostProcessor.postProcessBeforeInitialization(ConfigurationPropertiesBindingPostProcessor.java:332) ~[spring-boot-1.4.4.RELEASE.jar:1.4.4.RELEASE]
	at org.springframework.boot.context.properties.ConfigurationPropertiesBindingPostProcessor.postProcessBeforeInitialization(ConfigurationPropertiesBindingPostProcessor.java:303) ~[spring-boot-1.4.4.RELEASE.jar:1.4.4.RELEASE]
	at org.springframework.beans.factory.support.AbstractAutowireCapableBeanFactory.applyBeanPostProcessorsBeforeInitialization(AbstractAutowireCapableBeanFactory.java:409) ~[spring-beans-4.3.6.RELEASE.jar:4.3.6.RELEASE]
	at org.springframework.beans.factory.support.AbstractAutowireCapableBeanFactory.initializeBean(AbstractAutowireCapableBeanFactory.java:1620) ~[spring-beans-4.3.6.RELEASE.jar:4.3.6.RELEASE]
	at org.springframework.beans.factory.support.AbstractAutowireCapableBeanFactory.doCreateBean(AbstractAutowireCapableBeanFactory.java:555) ~[spring-beans-4.3.6.RELEASE.jar:4.3.6.RELEASE]
	at org.springframework.beans.factory.support.AbstractAutowireCapableBeanFactory.createBean(AbstractAutowireCapableBeanFactory.java:483) ~[spring-beans-4.3.6.RELEASE.jar:4.3.6.RELEASE]
	at org.springframework.beans.factory.support.AbstractBeanFactory$1.getObject(AbstractBeanFactory.java:306) ~[spring-beans-4.3.6.RELEASE.jar:4.3.6.RELEASE]
	at org.springframework.beans.factory.support.DefaultSingletonBeanRegistry.getSingleton(DefaultSingletonBeanRegistry.java:230) ~[spring-beans-4.3.6.RELEASE.jar:4.3.6.RELEASE]
	at org.springframework.beans.factory.support.AbstractBeanFactory.doGetBean(AbstractBeanFactory.java:302) ~[spring-beans-4.3.6.RELEASE.jar:4.3.6.RELEASE]
	at org.springframework.beans.factory.support.AbstractBeanFactory.getBean(AbstractBeanFactory.java:202) ~[spring-beans-4.3.6.RELEASE.jar:4.3.6.RELEASE]
	at org.springframework.beans.factory.config.DependencyDescriptor.resolveCandidate(DependencyDescriptor.java:208) ~[spring-beans-4.3.6.RELEASE.jar:4.3.6.RELEASE]
	at org.springframework.beans.factory.support.DefaultListableBeanFactory.doResolveDependency(DefaultListableBeanFactory.java:1138) ~[spring-beans-4.3.6.RELEASE.jar:4.3.6.RELEASE]
	at org.springframework.beans.factory.support.DefaultListableBeanFactory.resolveDependency(DefaultListableBeanFactory.java:1066) ~[spring-beans-4.3.6.RELEASE.jar:4.3.6.RELEASE]
	at org.springframework.beans.factory.support.ConstructorResolver.resolveAutowiredArgument(ConstructorResolver.java:835) ~[spring-beans-4.3.6.RELEASE.jar:4.3.6.RELEASE]
	at org.springframework.beans.factory.support.ConstructorResolver.createArgumentArray(ConstructorResolver.java:741) ~[spring-beans-4.3.6.RELEASE.jar:4.3.6.RELEASE]
	at org.springframework.beans.factory.support.ConstructorResolver.autowireConstructor(ConstructorResolver.java:189) ~[spring-beans-4.3.6.RELEASE.jar:4.3.6.RELEASE]
	at org.springframework.beans.factory.support.AbstractAutowireCapableBeanFactory.autowireConstructor(AbstractAutowireCapableBeanFactory.java:1193) ~[spring-beans-4.3.6.RELEASE.jar:4.3.6.RELEASE]
	at org.springframework.beans.factory.support.AbstractAutowireCapableBeanFactory.createBeanInstance(AbstractAutowireCapableBeanFactory.java:1095) ~[spring-beans-4.3.6.RELEASE.jar:4.3.6.RELEASE]
	at org.springframework.beans.factory.support.AbstractAutowireCapableBeanFactory.doCreateBean(AbstractAutowireCapableBeanFactory.java:513) ~[spring-beans-4.3.6.RELEASE.jar:4.3.6.RELEASE]
	at org.springframework.beans.factory.support.AbstractAutowireCapableBeanFactory.createBean(AbstractAutowireCapableBeanFactory.java:483) ~[spring-beans-4.3.6.RELEASE.jar:4.3.6.RELEASE]
	at org.springframework.beans.factory.support.AbstractBeanFactory$1.getObject(AbstractBeanFactory.java:306) ~[spring-beans-4.3.6.RELEASE.jar:4.3.6.RELEASE]
	at org.springframework.beans.factory.support.DefaultSingletonBeanRegistry.getSingleton(DefaultSingletonBeanRegistry.java:230) ~[spring-beans-4.3.6.RELEASE.jar:4.3.6.RELEASE]
	at org.springframework.beans.factory.support.AbstractBeanFactory.doGetBean(AbstractBeanFactory.java:302) ~[spring-beans-4.3.6.RELEASE.jar:4.3.6.RELEASE]
	at org.springframework.beans.factory.support.AbstractBeanFactory.getBean(AbstractBeanFactory.java:197) ~[spring-beans-4.3.6.RELEASE.jar:4.3.6.RELEASE]
	at org.springframework.beans.factory.support.ConstructorResolver.instantiateUsingFactoryMethod(ConstructorResolver.java:372) ~[spring-beans-4.3.6.RELEASE.jar:4.3.6.RELEASE]
	at org.springframework.beans.factory.support.AbstractAutowireCapableBeanFactory.instantiateUsingFactoryMethod(AbstractAutowireCapableBeanFactory.java:1173) ~[spring-beans-4.3.6.RELEASE.jar:4.3.6.RELEASE]
	at org.springframework.beans.factory.support.AbstractAutowireCapableBeanFactory.createBeanInstance(AbstractAutowireCapableBeanFactory.java:1067) ~[spring-beans-4.3.6.RELEASE.jar:4.3.6.RELEASE]
	at org.springframework.beans.factory.support.AbstractAutowireCapableBeanFactory.doCreateBean(AbstractAutowireCapableBeanFactory.java:513) ~[spring-beans-4.3.6.RELEASE.jar:4.3.6.RELEASE]
	at org.springframework.beans.factory.support.AbstractAutowireCapableBeanFactory.createBean(AbstractAutowireCapableBeanFactory.java:483) ~[spring-beans-4.3.6.RELEASE.jar:4.3.6.RELEASE]
	at org.springframework.beans.factory.support.AbstractBeanFactory$1.getObject(AbstractBeanFactory.java:306) ~[spring-beans-4.3.6.RELEASE.jar:4.3.6.RELEASE]
	at org.springframework.beans.factory.support.DefaultSingletonBeanRegistry.getSingleton(DefaultSingletonBeanRegistry.java:230) ~[spring-beans-4.3.6.RELEASE.jar:4.3.6.RELEASE]
	at org.springframework.beans.factory.support.AbstractBeanFactory.doGetBean(AbstractBeanFactory.java:302) ~[spring-beans-4.3.6.RELEASE.jar:4.3.6.RELEASE]
	at org.springframework.beans.factory.support.AbstractBeanFactory.getBean(AbstractBeanFactory.java:202) ~[spring-beans-4.3.6.RELEASE.jar:4.3.6.RELEASE]
	at org.springframework.beans.factory.support.DefaultListableBeanFactory.getBeansOfType(DefaultListableBeanFactory.java:519) ~[spring-beans-4.3.6.RELEASE.jar:4.3.6.RELEASE]
	at org.springframework.context.support.AbstractApplicationContext.getBeansOfType(AbstractApplicationContext.java:1197) ~[spring-context-4.3.6.RELEASE.jar:4.3.6.RELEASE]
	at org.springframework.boot.context.embedded.EmbeddedServletContainerCustomizerBeanPostProcessor.getCustomizers(EmbeddedServletContainerCustomizerBeanPostProcessor.java:77) ~[spring-boot-1.4.4.RELEASE.jar:1.4.4.RELEASE]
	at org.springframework.boot.context.embedded.EmbeddedServletContainerCustomizerBeanPostProcessor.postProcessBeforeInitialization(EmbeddedServletContainerCustomizerBeanPostProcessor.java:67) ~[spring-boot-1.4.4.RELEASE.jar:1.4.4.RELEASE]
	at org.springframework.boot.context.embedded.EmbeddedServletContainerCustomizerBeanPostProcessor.postProcessBeforeInitialization(EmbeddedServletContainerCustomizerBeanPostProcessor.java:54) ~[spring-boot-1.4.4.RELEASE.jar:1.4.4.RELEASE]
	at org.springframework.beans.factory.support.AbstractAutowireCapableBeanFactory.applyBeanPostProcessorsBeforeInitialization(AbstractAutowireCapableBeanFactory.java:409) ~[spring-beans-4.3.6.RELEASE.jar:4.3.6.RELEASE]
	at org.springframework.beans.factory.support.AbstractAutowireCapableBeanFactory.initializeBean(AbstractAutowireCapableBeanFactory.java:1620) ~[spring-beans-4.3.6.RELEASE.jar:4.3.6.RELEASE]
	at org.springframework.beans.factory.support.AbstractAutowireCapableBeanFactory.doCreateBean(AbstractAutowireCapableBeanFactory.java:555) ~[spring-beans-4.3.6.RELEASE.jar:4.3.6.RELEASE]
	at org.springframework.beans.factory.support.AbstractAutowireCapableBeanFactory.createBean(AbstractAutowireCapableBeanFactory.java:483) ~[spring-beans-4.3.6.RELEASE.jar:4.3.6.RELEASE]
	at org.springframework.beans.factory.support.AbstractBeanFactory$1.getObject(AbstractBeanFactory.java:306) ~[spring-beans-4.3.6.RELEASE.jar:4.3.6.RELEASE]
	at org.springframework.beans.factory.support.DefaultSingletonBeanRegistry.getSingleton(DefaultSingletonBeanRegistry.java:230) ~[spring-beans-4.3.6.RELEASE.jar:4.3.6.RELEASE]
	at org.springframework.beans.factory.support.AbstractBeanFactory.doGetBean(AbstractBeanFactory.java:302) ~[spring-beans-4.3.6.RELEASE.jar:4.3.6.RELEASE]
	at org.springframework.beans.factory.support.AbstractBeanFactory.getBean(AbstractBeanFactory.java:202) ~[spring-beans-4.3.6.RELEASE.jar:4.3.6.RELEASE]
	at org.springframework.boot.context.embedded.EmbeddedWebApplicationContext.getEmbeddedServletContainerFactory(EmbeddedWebApplicationContext.java:199) ~[spring-boot-1.4.4.RELEASE.jar:1.4.4.RELEASE]
	at org.springframework.boot.context.embedded.EmbeddedWebApplicationContext.createEmbeddedServletContainer(EmbeddedWebApplicationContext.java:162) ~[spring-boot-1.4.4.RELEASE.jar:1.4.4.RELEASE]
	at org.springframework.boot.context.embedded.EmbeddedWebApplicationContext.onRefresh(EmbeddedWebApplicationContext.java:134) ~[spring-boot-1.4.4.RELEASE.jar:1.4.4.RELEASE]
	... 8 more
Caused by: java.lang.ClassNotFoundException: javax.xml.bind.ValidationException
	at java.base/jdk.internal.loader.BuiltinClassLoader.loadClass(BuiltinClassLoader.java:581) ~[?:?]
	at java.base/jdk.internal.loader.ClassLoaders$AppClassLoader.loadClass(ClassLoaders.java:178) ~[?:?]
	at java.base/java.lang.ClassLoader.loadClass(ClassLoader.java:522) ~[?:?]
	at java.base/java.lang.ClassLoader.defineClass1(Native Method) ~[?:?]
	at java.base/java.lang.ClassLoader.defineClass(ClassLoader.java:1017) ~[?:?]
	at java.base/java.security.SecureClassLoader.defineClass(SecureClassLoader.java:174) ~[?:?]
	at java.base/jdk.internal.loader.BuiltinClassLoader.defineClass(BuiltinClassLoader.java:800) ~[?:?]
	at java.base/jdk.internal.loader.BuiltinClassLoader.findClassOnClassPathOrNull(BuiltinClassLoader.java:698) ~[?:?]
	at java.base/jdk.internal.loader.BuiltinClassLoader.loadClassOrNull(BuiltinClassLoader.java:621) ~[?:?]
	at java.base/jdk.internal.loader.BuiltinClassLoader.loadClass(BuiltinClassLoader.java:579) ~[?:?]
	at java.base/jdk.internal.loader.ClassLoaders$AppClassLoader.loadClass(ClassLoaders.java:178) ~[?:?]
	at java.base/java.lang.ClassLoader.loadClass(ClassLoader.java:522) ~[?:?]
	at org.hibernate.validator.internal.engine.ConfigurationImpl.<init>(ConfigurationImpl.java:129) ~[hibernate-validator-5.2.4.Final.jar:5.2.4.Final]
	at org.hibernate.validator.internal.engine.ConfigurationImpl.<init>(ConfigurationImpl.java:96) ~[hibernate-validator-5.2.4.Final.jar:5.2.4.Final]
	at org.hibernate.validator.HibernateValidator.createGenericConfiguration(HibernateValidator.java:31) ~[hibernate-validator-5.2.4.Final.jar:5.2.4.Final]
	at javax.validation.Validation$GenericBootstrapImpl.configure(Validation.java:276) ~[validation-api-1.1.0.Final.jar:?]
	at org.springframework.validation.beanvalidation.LocalValidatorFactoryBean.afterPropertiesSet(LocalValidatorFactoryBean.java:248) ~[spring-context-4.3.6.RELEASE.jar:4.3.6.RELEASE]
	at org.springframework.boot.context.properties.ConfigurationPropertiesBindingPostProcessor$LocalValidatorFactory.run(ConfigurationPropertiesBindingPostProcessor.java:453) ~[spring-boot-1.4.4.RELEASE.jar:1.4.4.RELEASE]
	at org.springframework.boot.context.properties.ConfigurationPropertiesBindingPostProcessor.getValidator(ConfigurationPropertiesBindingPostProcessor.java:387) ~[spring-boot-1.4.4.RELEASE.jar:1.4.4.RELEASE]
	at org.springframework.boot.context.properties.ConfigurationPropertiesBindingPostProcessor.determineValidator(ConfigurationPropertiesBindingPostProcessor.java:370) ~[spring-boot-1.4.4.RELEASE.jar:1.4.4.RELEASE]
	at org.springframework.boot.context.properties.ConfigurationPropertiesBindingPostProcessor.postProcessBeforeInitialization(ConfigurationPropertiesBindingPostProcessor.java:332) ~[spring-boot-1.4.4.RELEASE.jar:1.4.4.RELEASE]
	at org.springframework.boot.context.properties.ConfigurationPropertiesBindingPostProcessor.postProcessBeforeInitialization(ConfigurationPropertiesBindingPostProcessor.java:303) ~[spring-boot-1.4.4.RELEASE.jar:1.4.4.RELEASE]
	at org.springframework.beans.factory.support.AbstractAutowireCapableBeanFactory.applyBeanPostProcessorsBeforeInitialization(AbstractAutowireCapableBeanFactory.java:409) ~[spring-beans-4.3.6.RELEASE.jar:4.3.6.RELEASE]
	at org.springframework.beans.factory.support.AbstractAutowireCapableBeanFactory.initializeBean(AbstractAutowireCapableBeanFactory.java:1620) ~[spring-beans-4.3.6.RELEASE.jar:4.3.6.RELEASE]
	at org.springframework.beans.factory.support.AbstractAutowireCapableBeanFactory.doCreateBean(AbstractAutowireCapableBeanFactory.java:555) ~[spring-beans-4.3.6.RELEASE.jar:4.3.6.RELEASE]
	at org.springframework.beans.factory.support.AbstractAutowireCapableBeanFactory.createBean(AbstractAutowireCapableBeanFactory.java:483) ~[spring-beans-4.3.6.RELEASE.jar:4.3.6.RELEASE]
	at org.springframework.beans.factory.support.AbstractBeanFactory$1.getObject(AbstractBeanFactory.java:306) ~[spring-beans-4.3.6.RELEASE.jar:4.3.6.RELEASE]
	at org.springframework.beans.factory.support.DefaultSingletonBeanRegistry.getSingleton(DefaultSingletonBeanRegistry.java:230) ~[spring-beans-4.3.6.RELEASE.jar:4.3.6.RELEASE]
	at org.springframework.beans.factory.support.AbstractBeanFactory.doGetBean(AbstractBeanFactory.java:302) ~[spring-beans-4.3.6.RELEASE.jar:4.3.6.RELEASE]
	at org.springframework.beans.factory.support.AbstractBeanFactory.getBean(AbstractBeanFactory.java:202) ~[spring-beans-4.3.6.RELEASE.jar:4.3.6.RELEASE]
	at org.springframework.beans.factory.config.DependencyDescriptor.resolveCandidate(DependencyDescriptor.java:208) ~[spring-beans-4.3.6.RELEASE.jar:4.3.6.RELEASE]
	at org.springframework.beans.factory.support.DefaultListableBeanFactory.doResolveDependency(DefaultListableBeanFactory.java:1138) ~[spring-beans-4.3.6.RELEASE.jar:4.3.6.RELEASE]
	at org.springframework.beans.factory.support.DefaultListableBeanFactory.resolveDependency(DefaultListableBeanFactory.java:1066) ~[spring-beans-4.3.6.RELEASE.jar:4.3.6.RELEASE]
	at org.springframework.beans.factory.support.ConstructorResolver.resolveAutowiredArgument(ConstructorResolver.java:835) ~[spring-beans-4.3.6.RELEASE.jar:4.3.6.RELEASE]
	at org.springframework.beans.factory.support.ConstructorResolver.createArgumentArray(ConstructorResolver.java:741) ~[spring-beans-4.3.6.RELEASE.jar:4.3.6.RELEASE]
	at org.springframework.beans.factory.support.ConstructorResolver.autowireConstructor(ConstructorResolver.java:189) ~[spring-beans-4.3.6.RELEASE.jar:4.3.6.RELEASE]
	at org.springframework.beans.factory.support.AbstractAutowireCapableBeanFactory.autowireConstructor(AbstractAutowireCapableBeanFactory.java:1193) ~[spring-beans-4.3.6.RELEASE.jar:4.3.6.RELEASE]
	at org.springframework.beans.factory.support.AbstractAutowireCapableBeanFactory.createBeanInstance(AbstractAutowireCapableBeanFactory.java:1095) ~[spring-beans-4.3.6.RELEASE.jar:4.3.6.RELEASE]
	at org.springframework.beans.factory.support.AbstractAutowireCapableBeanFactory.doCreateBean(AbstractAutowireCapableBeanFactory.java:513) ~[spring-beans-4.3.6.RELEASE.jar:4.3.6.RELEASE]
	at org.springframework.beans.factory.support.AbstractAutowireCapableBeanFactory.createBean(AbstractAutowireCapableBeanFactory.java:483) ~[spring-beans-4.3.6.RELEASE.jar:4.3.6.RELEASE]
	at org.springframework.beans.factory.support.AbstractBeanFactory$1.getObject(AbstractBeanFactory.java:306) ~[spring-beans-4.3.6.RELEASE.jar:4.3.6.RELEASE]
	at org.springframework.beans.factory.support.DefaultSingletonBeanRegistry.getSingleton(DefaultSingletonBeanRegistry.java:230) ~[spring-beans-4.3.6.RELEASE.jar:4.3.6.RELEASE]
	at org.springframework.beans.factory.support.AbstractBeanFactory.doGetBean(AbstractBeanFactory.java:302) ~[spring-beans-4.3.6.RELEASE.jar:4.3.6.RELEASE]
	at org.springframework.beans.factory.support.AbstractBeanFactory.getBean(AbstractBeanFactory.java:197) ~[spring-beans-4.3.6.RELEASE.jar:4.3.6.RELEASE]
	at org.springframework.beans.factory.support.ConstructorResolver.instantiateUsingFactoryMethod(ConstructorResolver.java:372) ~[spring-beans-4.3.6.RELEASE.jar:4.3.6.RELEASE]
	at org.springframework.beans.factory.support.AbstractAutowireCapableBeanFactory.instantiateUsingFactoryMethod(AbstractAutowireCapableBeanFactory.java:1173) ~[spring-beans-4.3.6.RELEASE.jar:4.3.6.RELEASE]
	at org.springframework.beans.factory.support.AbstractAutowireCapableBeanFactory.createBeanInstance(AbstractAutowireCapableBeanFactory.java:1067) ~[spring-beans-4.3.6.RELEASE.jar:4.3.6.RELEASE]
	at org.springframework.beans.factory.support.AbstractAutowireCapableBeanFactory.doCreateBean(AbstractAutowireCapableBeanFactory.java:513) ~[spring-beans-4.3.6.RELEASE.jar:4.3.6.RELEASE]
	at org.springframework.beans.factory.support.AbstractAutowireCapableBeanFactory.createBean(AbstractAutowireCapableBeanFactory.java:483) ~[spring-beans-4.3.6.RELEASE.jar:4.3.6.RELEASE]
	at org.springframework.beans.factory.support.AbstractBeanFactory$1.getObject(AbstractBeanFactory.java:306) ~[spring-beans-4.3.6.RELEASE.jar:4.3.6.RELEASE]
	at org.springframework.beans.factory.support.DefaultSingletonBeanRegistry.getSingleton(DefaultSingletonBeanRegistry.java:230) ~[spring-beans-4.3.6.RELEASE.jar:4.3.6.RELEASE]
	at org.springframework.beans.factory.support.AbstractBeanFactory.doGetBean(AbstractBeanFactory.java:302) ~[spring-beans-4.3.6.RELEASE.jar:4.3.6.RELEASE]
	at org.springframework.beans.factory.support.AbstractBeanFactory.getBean(AbstractBeanFactory.java:202) ~[spring-beans-4.3.6.RELEASE.jar:4.3.6.RELEASE]
	at org.springframework.beans.factory.support.DefaultListableBeanFactory.getBeansOfType(DefaultListableBeanFactory.java:519) ~[spring-beans-4.3.6.RELEASE.jar:4.3.6.RELEASE]
	at org.springframework.context.support.AbstractApplicationContext.getBeansOfType(AbstractApplicationContext.java:1197) ~[spring-context-4.3.6.RELEASE.jar:4.3.6.RELEASE]
	at org.springframework.boot.context.embedded.EmbeddedServletContainerCustomizerBeanPostProcessor.getCustomizers(EmbeddedServletContainerCustomizerBeanPostProcessor.java:77) ~[spring-boot-1.4.4.RELEASE.jar:1.4.4.RELEASE]
	at org.springframework.boot.context.embedded.EmbeddedServletContainerCustomizerBeanPostProcessor.postProcessBeforeInitialization(EmbeddedServletContainerCustomizerBeanPostProcessor.java:67) ~[spring-boot-1.4.4.RELEASE.jar:1.4.4.RELEASE]
	at org.springframework.boot.context.embedded.EmbeddedServletContainerCustomizerBeanPostProcessor.postProcessBeforeInitialization(EmbeddedServletContainerCustomizerBeanPostProcessor.java:54) ~[spring-boot-1.4.4.RELEASE.jar:1.4.4.RELEASE]
	at org.springframework.beans.factory.support.AbstractAutowireCapableBeanFactory.applyBeanPostProcessorsBeforeInitialization(AbstractAutowireCapableBeanFactory.java:409) ~[spring-beans-4.3.6.RELEASE.jar:4.3.6.RELEASE]
	at org.springframework.beans.factory.support.AbstractAutowireCapableBeanFactory.initializeBean(AbstractAutowireCapableBeanFactory.java:1620) ~[spring-beans-4.3.6.RELEASE.jar:4.3.6.RELEASE]
	at org.springframework.beans.factory.support.AbstractAutowireCapableBeanFactory.doCreateBean(AbstractAutowireCapableBeanFactory.java:555) ~[spring-beans-4.3.6.RELEASE.jar:4.3.6.RELEASE]
	at org.springframework.beans.factory.support.AbstractAutowireCapableBeanFactory.createBean(AbstractAutowireCapableBeanFactory.java:483) ~[spring-beans-4.3.6.RELEASE.jar:4.3.6.RELEASE]
	at org.springframework.beans.factory.support.AbstractBeanFactory$1.getObject(AbstractBeanFactory.java:306) ~[spring-beans-4.3.6.RELEASE.jar:4.3.6.RELEASE]
	at org.springframework.beans.factory.support.DefaultSingletonBeanRegistry.getSingleton(DefaultSingletonBeanRegistry.java:230) ~[spring-beans-4.3.6.RELEASE.jar:4.3.6.RELEASE]
	at org.springframework.beans.factory.support.AbstractBeanFactory.doGetBean(AbstractBeanFactory.java:302) ~[spring-beans-4.3.6.RELEASE.jar:4.3.6.RELEASE]
	at org.springframework.beans.factory.support.AbstractBeanFactory.getBean(AbstractBeanFactory.java:202) ~[spring-beans-4.3.6.RELEASE.jar:4.3.6.RELEASE]
	at org.springframework.boot.context.embedded.EmbeddedWebApplicationContext.getEmbeddedServletContainerFactory(EmbeddedWebApplicationContext.java:199) ~[spring-boot-1.4.4.RELEASE.jar:1.4.4.RELEASE]
	at org.springframework.boot.context.embedded.EmbeddedWebApplicationContext.createEmbeddedServletContainer(EmbeddedWebApplicationContext.java:162) ~[spring-boot-1.4.4.RELEASE.jar:1.4.4.RELEASE]
	at org.springframework.boot.context.embedded.EmbeddedWebApplicationContext.onRefresh(EmbeddedWebApplicationContext.java:134) ~[spring-boot-1.4.4.RELEASE.jar:1.4.4.RELEASE]
	... 8 more

2021-06-25 12:57:20.855  INFO 15400 --- [main] c.e.m.Application                        : Starting Application on Aashu with PID 15400 (D:\spring\employee-management\employee-management\target\classes started by HP in D:\spring\employee-management\employee-management)
2021-06-25 12:57:20.937  INFO 15400 --- [main] c.e.m.Application                        : No active profile set, falling back to default profiles: default
2021-06-25 12:57:22.724  INFO 15400 --- [main] ationConfigEmbeddedWebApplicationContext : Refreshing org.springframework.boot.context.embedded.AnnotationConfigEmbeddedWebApplicationContext@26fb628: startup date [Fri Jun 25 12:57:22 IST 2021]; root of context hierarchy
2021-06-25 12:57:36.945  INFO 15400 --- [main] trationDelegate$BeanPostProcessorChecker : Bean 'org.springframework.ws.config.annotation.DelegatingWsConfiguration' of type [class org.springframework.ws.config.annotation.DelegatingWsConfiguration$$EnhancerBySpringCGLIB$$ebdebd82] is not eligible for getting processed by all BeanPostProcessors (for example: not eligible for auto-proxying)
2021-06-25 12:57:37.170  INFO 15400 --- [main] .w.s.a.s.AnnotationActionEndpointMapping : Supporting [WS-Addressing August 2004, WS-Addressing 1.0]
2021-06-25 12:57:37.210  INFO 15400 --- [main] trationDelegate$BeanPostProcessorChecker : Bean 'org.springframework.transaction.annotation.ProxyTransactionManagementConfiguration' of type [class org.springframework.transaction.annotation.ProxyTransactionManagementConfiguration$$EnhancerBySpringCGLIB$$4746f883] is not eligible for getting processed by all BeanPostProcessors (for example: not eligible for auto-proxying)
2021-06-25 12:57:37.542  WARN 15400 --- [main] ationConfigEmbeddedWebApplicationContext : Exception encountered during context initialization - cancelling refresh attempt: org.springframework.context.ApplicationContextException: Unable to start embedded container; nested exception is org.springframework.beans.factory.BeanCreationException: Error creating bean with name 'tomcatEmbeddedServletContainerFactory' defined in class path resource [org/springframework/boot/autoconfigure/web/EmbeddedServletContainerAutoConfiguration$EmbeddedTomcat.class]: Initialization of bean failed; nested exception is org.springframework.beans.factory.UnsatisfiedDependencyException: Error creating bean with name 'org.springframework.boot.autoconfigure.web.HttpEncodingAutoConfiguration': Unsatisfied dependency expressed through constructor parameter 0; nested exception is org.springframework.beans.factory.BeanCreationException: Error creating bean with name 'spring.http.encoding-org.springframework.boot.autoconfigure.web.HttpEncodingProperties': Initialization of bean failed; nested exception is java.lang.NoClassDefFoundError: javax/xml/bind/ValidationException
2021-06-25 12:57:37.550 ERROR 15400 --- [main] o.s.b.SpringApplication                  : Application startup failed

org.springframework.context.ApplicationContextException: Unable to start embedded container; nested exception is org.springframework.beans.factory.BeanCreationException: Error creating bean with name 'tomcatEmbeddedServletContainerFactory' defined in class path resource [org/springframework/boot/autoconfigure/web/EmbeddedServletContainerAutoConfiguration$EmbeddedTomcat.class]: Initialization of bean failed; nested exception is org.springframework.beans.factory.UnsatisfiedDependencyException: Error creating bean with name 'org.springframework.boot.autoconfigure.web.HttpEncodingAutoConfiguration': Unsatisfied dependency expressed through constructor parameter 0; nested exception is org.springframework.beans.factory.BeanCreationException: Error creating bean with name 'spring.http.encoding-org.springframework.boot.autoconfigure.web.HttpEncodingProperties': Initialization of bean failed; nested exception is java.lang.NoClassDefFoundError: javax/xml/bind/ValidationException
	at org.springframework.boot.context.embedded.EmbeddedWebApplicationContext.onRefresh(EmbeddedWebApplicationContext.java:137) ~[spring-boot-1.4.4.RELEASE.jar:1.4.4.RELEASE]
	at org.springframework.context.support.AbstractApplicationContext.refresh(AbstractApplicationContext.java:536) ~[spring-context-4.3.6.RELEASE.jar:4.3.6.RELEASE]
	at org.springframework.boot.context.embedded.EmbeddedWebApplicationContext.refresh(EmbeddedWebApplicationContext.java:122) ~[spring-boot-1.4.4.RELEASE.jar:1.4.4.RELEASE]
	at org.springframework.boot.SpringApplication.refresh(SpringApplication.java:762) [spring-boot-1.4.4.RELEASE.jar:1.4.4.RELEASE]
	at org.springframework.boot.SpringApplication.refreshContext(SpringApplication.java:372) [spring-boot-1.4.4.RELEASE.jar:1.4.4.RELEASE]
	at org.springframework.boot.SpringApplication.run(SpringApplication.java:316) [spring-boot-1.4.4.RELEASE.jar:1.4.4.RELEASE]
	at org.springframework.boot.SpringApplication.run(SpringApplication.java:1187) [spring-boot-1.4.4.RELEASE.jar:1.4.4.RELEASE]
	at org.springframework.boot.SpringApplication.run(SpringApplication.java:1176) [spring-boot-1.4.4.RELEASE.jar:1.4.4.RELEASE]
	at com.employee.management.Application.main(Application.java:18) [classes/:?]
Caused by: org.springframework.beans.factory.BeanCreationException: Error creating bean with name 'tomcatEmbeddedServletContainerFactory' defined in class path resource [org/springframework/boot/autoconfigure/web/EmbeddedServletContainerAutoConfiguration$EmbeddedTomcat.class]: Initialization of bean failed; nested exception is org.springframework.beans.factory.UnsatisfiedDependencyException: Error creating bean with name 'org.springframework.boot.autoconfigure.web.HttpEncodingAutoConfiguration': Unsatisfied dependency expressed through constructor parameter 0; nested exception is org.springframework.beans.factory.BeanCreationException: Error creating bean with name 'spring.http.encoding-org.springframework.boot.autoconfigure.web.HttpEncodingProperties': Initialization of bean failed; nested exception is java.lang.NoClassDefFoundError: javax/xml/bind/ValidationException
	at org.springframework.beans.factory.support.AbstractAutowireCapableBeanFactory.doCreateBean(AbstractAutowireCapableBeanFactory.java:564) ~[spring-beans-4.3.6.RELEASE.jar:4.3.6.RELEASE]
	at org.springframework.beans.factory.support.AbstractAutowireCapableBeanFactory.createBean(AbstractAutowireCapableBeanFactory.java:483) ~[spring-beans-4.3.6.RELEASE.jar:4.3.6.RELEASE]
	at org.springframework.beans.factory.support.AbstractBeanFactory$1.getObject(AbstractBeanFactory.java:306) ~[spring-beans-4.3.6.RELEASE.jar:4.3.6.RELEASE]
	at org.springframework.beans.factory.support.DefaultSingletonBeanRegistry.getSingleton(DefaultSingletonBeanRegistry.java:230) ~[spring-beans-4.3.6.RELEASE.jar:4.3.6.RELEASE]
	at org.springframework.beans.factory.support.AbstractBeanFactory.doGetBean(AbstractBeanFactory.java:302) ~[spring-beans-4.3.6.RELEASE.jar:4.3.6.RELEASE]
	at org.springframework.beans.factory.support.AbstractBeanFactory.getBean(AbstractBeanFactory.java:202) ~[spring-beans-4.3.6.RELEASE.jar:4.3.6.RELEASE]
	at org.springframework.boot.context.embedded.EmbeddedWebApplicationContext.getEmbeddedServletContainerFactory(EmbeddedWebApplicationContext.java:199) ~[spring-boot-1.4.4.RELEASE.jar:1.4.4.RELEASE]
	at org.springframework.boot.context.embedded.EmbeddedWebApplicationContext.createEmbeddedServletContainer(EmbeddedWebApplicationContext.java:162) ~[spring-boot-1.4.4.RELEASE.jar:1.4.4.RELEASE]
	at org.springframework.boot.context.embedded.EmbeddedWebApplicationContext.onRefresh(EmbeddedWebApplicationContext.java:134) ~[spring-boot-1.4.4.RELEASE.jar:1.4.4.RELEASE]
	... 8 more
Caused by: org.springframework.beans.factory.UnsatisfiedDependencyException: Error creating bean with name 'org.springframework.boot.autoconfigure.web.HttpEncodingAutoConfiguration': Unsatisfied dependency expressed through constructor parameter 0; nested exception is org.springframework.beans.factory.BeanCreationException: Error creating bean with name 'spring.http.encoding-org.springframework.boot.autoconfigure.web.HttpEncodingProperties': Initialization of bean failed; nested exception is java.lang.NoClassDefFoundError: javax/xml/bind/ValidationException
	at org.springframework.beans.factory.support.ConstructorResolver.createArgumentArray(ConstructorResolver.java:749) ~[spring-beans-4.3.6.RELEASE.jar:4.3.6.RELEASE]
	at org.springframework.beans.factory.support.ConstructorResolver.autowireConstructor(ConstructorResolver.java:189) ~[spring-beans-4.3.6.RELEASE.jar:4.3.6.RELEASE]
	at org.springframework.beans.factory.support.AbstractAutowireCapableBeanFactory.autowireConstructor(AbstractAutowireCapableBeanFactory.java:1193) ~[spring-beans-4.3.6.RELEASE.jar:4.3.6.RELEASE]
	at org.springframework.beans.factory.support.AbstractAutowireCapableBeanFactory.createBeanInstance(AbstractAutowireCapableBeanFactory.java:1095) ~[spring-beans-4.3.6.RELEASE.jar:4.3.6.RELEASE]
	at org.springframework.beans.factory.support.AbstractAutowireCapableBeanFactory.doCreateBean(AbstractAutowireCapableBeanFactory.java:513) ~[spring-beans-4.3.6.RELEASE.jar:4.3.6.RELEASE]
	at org.springframework.beans.factory.support.AbstractAutowireCapableBeanFactory.createBean(AbstractAutowireCapableBeanFactory.java:483) ~[spring-beans-4.3.6.RELEASE.jar:4.3.6.RELEASE]
	at org.springframework.beans.factory.support.AbstractBeanFactory$1.getObject(AbstractBeanFactory.java:306) ~[spring-beans-4.3.6.RELEASE.jar:4.3.6.RELEASE]
	at org.springframework.beans.factory.support.DefaultSingletonBeanRegistry.getSingleton(DefaultSingletonBeanRegistry.java:230) ~[spring-beans-4.3.6.RELEASE.jar:4.3.6.RELEASE]
	at org.springframework.beans.factory.support.AbstractBeanFactory.doGetBean(AbstractBeanFactory.java:302) ~[spring-beans-4.3.6.RELEASE.jar:4.3.6.RELEASE]
	at org.springframework.beans.factory.support.AbstractBeanFactory.getBean(AbstractBeanFactory.java:197) ~[spring-beans-4.3.6.RELEASE.jar:4.3.6.RELEASE]
	at org.springframework.beans.factory.support.ConstructorResolver.instantiateUsingFactoryMethod(ConstructorResolver.java:372) ~[spring-beans-4.3.6.RELEASE.jar:4.3.6.RELEASE]
	at org.springframework.beans.factory.support.AbstractAutowireCapableBeanFactory.instantiateUsingFactoryMethod(AbstractAutowireCapableBeanFactory.java:1173) ~[spring-beans-4.3.6.RELEASE.jar:4.3.6.RELEASE]
	at org.springframework.beans.factory.support.AbstractAutowireCapableBeanFactory.createBeanInstance(AbstractAutowireCapableBeanFactory.java:1067) ~[spring-beans-4.3.6.RELEASE.jar:4.3.6.RELEASE]
	at org.springframework.beans.factory.support.AbstractAutowireCapableBeanFactory.doCreateBean(AbstractAutowireCapableBeanFactory.java:513) ~[spring-beans-4.3.6.RELEASE.jar:4.3.6.RELEASE]
	at org.springframework.beans.factory.support.AbstractAutowireCapableBeanFactory.createBean(AbstractAutowireCapableBeanFactory.java:483) ~[spring-beans-4.3.6.RELEASE.jar:4.3.6.RELEASE]
	at org.springframework.beans.factory.support.AbstractBeanFactory$1.getObject(AbstractBeanFactory.java:306) ~[spring-beans-4.3.6.RELEASE.jar:4.3.6.RELEASE]
	at org.springframework.beans.factory.support.DefaultSingletonBeanRegistry.getSingleton(DefaultSingletonBeanRegistry.java:230) ~[spring-beans-4.3.6.RELEASE.jar:4.3.6.RELEASE]
	at org.springframework.beans.factory.support.AbstractBeanFactory.doGetBean(AbstractBeanFactory.java:302) ~[spring-beans-4.3.6.RELEASE.jar:4.3.6.RELEASE]
	at org.springframework.beans.factory.support.AbstractBeanFactory.getBean(AbstractBeanFactory.java:202) ~[spring-beans-4.3.6.RELEASE.jar:4.3.6.RELEASE]
	at org.springframework.beans.factory.support.DefaultListableBeanFactory.getBeansOfType(DefaultListableBeanFactory.java:519) ~[spring-beans-4.3.6.RELEASE.jar:4.3.6.RELEASE]
	at org.springframework.context.support.AbstractApplicationContext.getBeansOfType(AbstractApplicationContext.java:1197) ~[spring-context-4.3.6.RELEASE.jar:4.3.6.RELEASE]
	at org.springframework.boot.context.embedded.EmbeddedServletContainerCustomizerBeanPostProcessor.getCustomizers(EmbeddedServletContainerCustomizerBeanPostProcessor.java:77) ~[spring-boot-1.4.4.RELEASE.jar:1.4.4.RELEASE]
	at org.springframework.boot.context.embedded.EmbeddedServletContainerCustomizerBeanPostProcessor.postProcessBeforeInitialization(EmbeddedServletContainerCustomizerBeanPostProcessor.java:67) ~[spring-boot-1.4.4.RELEASE.jar:1.4.4.RELEASE]
	at org.springframework.boot.context.embedded.EmbeddedServletContainerCustomizerBeanPostProcessor.postProcessBeforeInitialization(EmbeddedServletContainerCustomizerBeanPostProcessor.java:54) ~[spring-boot-1.4.4.RELEASE.jar:1.4.4.RELEASE]
	at org.springframework.beans.factory.support.AbstractAutowireCapableBeanFactory.applyBeanPostProcessorsBeforeInitialization(AbstractAutowireCapableBeanFactory.java:409) ~[spring-beans-4.3.6.RELEASE.jar:4.3.6.RELEASE]
	at org.springframework.beans.factory.support.AbstractAutowireCapableBeanFactory.initializeBean(AbstractAutowireCapableBeanFactory.java:1620) ~[spring-beans-4.3.6.RELEASE.jar:4.3.6.RELEASE]
	at org.springframework.beans.factory.support.AbstractAutowireCapableBeanFactory.doCreateBean(AbstractAutowireCapableBeanFactory.java:555) ~[spring-beans-4.3.6.RELEASE.jar:4.3.6.RELEASE]
	at org.springframework.beans.factory.support.AbstractAutowireCapableBeanFactory.createBean(AbstractAutowireCapableBeanFactory.java:483) ~[spring-beans-4.3.6.RELEASE.jar:4.3.6.RELEASE]
	at org.springframework.beans.factory.support.AbstractBeanFactory$1.getObject(AbstractBeanFactory.java:306) ~[spring-beans-4.3.6.RELEASE.jar:4.3.6.RELEASE]
	at org.springframework.beans.factory.support.DefaultSingletonBeanRegistry.getSingleton(DefaultSingletonBeanRegistry.java:230) ~[spring-beans-4.3.6.RELEASE.jar:4.3.6.RELEASE]
	at org.springframework.beans.factory.support.AbstractBeanFactory.doGetBean(AbstractBeanFactory.java:302) ~[spring-beans-4.3.6.RELEASE.jar:4.3.6.RELEASE]
	at org.springframework.beans.factory.support.AbstractBeanFactory.getBean(AbstractBeanFactory.java:202) ~[spring-beans-4.3.6.RELEASE.jar:4.3.6.RELEASE]
	at org.springframework.boot.context.embedded.EmbeddedWebApplicationContext.getEmbeddedServletContainerFactory(EmbeddedWebApplicationContext.java:199) ~[spring-boot-1.4.4.RELEASE.jar:1.4.4.RELEASE]
	at org.springframework.boot.context.embedded.EmbeddedWebApplicationContext.createEmbeddedServletContainer(EmbeddedWebApplicationContext.java:162) ~[spring-boot-1.4.4.RELEASE.jar:1.4.4.RELEASE]
	at org.springframework.boot.context.embedded.EmbeddedWebApplicationContext.onRefresh(EmbeddedWebApplicationContext.java:134) ~[spring-boot-1.4.4.RELEASE.jar:1.4.4.RELEASE]
	... 8 more
Caused by: org.springframework.beans.factory.BeanCreationException: Error creating bean with name 'spring.http.encoding-org.springframework.boot.autoconfigure.web.HttpEncodingProperties': Initialization of bean failed; nested exception is java.lang.NoClassDefFoundError: javax/xml/bind/ValidationException
	at org.springframework.beans.factory.support.AbstractAutowireCapableBeanFactory.doCreateBean(AbstractAutowireCapableBeanFactory.java:564) ~[spring-beans-4.3.6.RELEASE.jar:4.3.6.RELEASE]
	at org.springframework.beans.factory.support.AbstractAutowireCapableBeanFactory.createBean(AbstractAutowireCapableBeanFactory.java:483) ~[spring-beans-4.3.6.RELEASE.jar:4.3.6.RELEASE]
	at org.springframework.beans.factory.support.AbstractBeanFactory$1.getObject(AbstractBeanFactory.java:306) ~[spring-beans-4.3.6.RELEASE.jar:4.3.6.RELEASE]
	at org.springframework.beans.factory.support.DefaultSingletonBeanRegistry.getSingleton(DefaultSingletonBeanRegistry.java:230) ~[spring-beans-4.3.6.RELEASE.jar:4.3.6.RELEASE]
	at org.springframework.beans.factory.support.AbstractBeanFactory.doGetBean(AbstractBeanFactory.java:302) ~[spring-beans-4.3.6.RELEASE.jar:4.3.6.RELEASE]
	at org.springframework.beans.factory.support.AbstractBeanFactory.getBean(AbstractBeanFactory.java:202) ~[spring-beans-4.3.6.RELEASE.jar:4.3.6.RELEASE]
	at org.springframework.beans.factory.config.DependencyDescriptor.resolveCandidate(DependencyDescriptor.java:208) ~[spring-beans-4.3.6.RELEASE.jar:4.3.6.RELEASE]
	at org.springframework.beans.factory.support.DefaultListableBeanFactory.doResolveDependency(DefaultListableBeanFactory.java:1138) ~[spring-beans-4.3.6.RELEASE.jar:4.3.6.RELEASE]
	at org.springframework.beans.factory.support.DefaultListableBeanFactory.resolveDependency(DefaultListableBeanFactory.java:1066) ~[spring-beans-4.3.6.RELEASE.jar:4.3.6.RELEASE]
	at org.springframework.beans.factory.support.ConstructorResolver.resolveAutowiredArgument(ConstructorResolver.java:835) ~[spring-beans-4.3.6.RELEASE.jar:4.3.6.RELEASE]
	at org.springframework.beans.factory.support.ConstructorResolver.createArgumentArray(ConstructorResolver.java:741) ~[spring-beans-4.3.6.RELEASE.jar:4.3.6.RELEASE]
	at org.springframework.beans.factory.support.ConstructorResolver.autowireConstructor(ConstructorResolver.java:189) ~[spring-beans-4.3.6.RELEASE.jar:4.3.6.RELEASE]
	at org.springframework.beans.factory.support.AbstractAutowireCapableBeanFactory.autowireConstructor(AbstractAutowireCapableBeanFactory.java:1193) ~[spring-beans-4.3.6.RELEASE.jar:4.3.6.RELEASE]
	at org.springframework.beans.factory.support.AbstractAutowireCapableBeanFactory.createBeanInstance(AbstractAutowireCapableBeanFactory.java:1095) ~[spring-beans-4.3.6.RELEASE.jar:4.3.6.RELEASE]
	at org.springframework.beans.factory.support.AbstractAutowireCapableBeanFactory.doCreateBean(AbstractAutowireCapableBeanFactory.java:513) ~[spring-beans-4.3.6.RELEASE.jar:4.3.6.RELEASE]
	at org.springframework.beans.factory.support.AbstractAutowireCapableBeanFactory.createBean(AbstractAutowireCapableBeanFactory.java:483) ~[spring-beans-4.3.6.RELEASE.jar:4.3.6.RELEASE]
	at org.springframework.beans.factory.support.AbstractBeanFactory$1.getObject(AbstractBeanFactory.java:306) ~[spring-beans-4.3.6.RELEASE.jar:4.3.6.RELEASE]
	at org.springframework.beans.factory.support.DefaultSingletonBeanRegistry.getSingleton(DefaultSingletonBeanRegistry.java:230) ~[spring-beans-4.3.6.RELEASE.jar:4.3.6.RELEASE]
	at org.springframework.beans.factory.support.AbstractBeanFactory.doGetBean(AbstractBeanFactory.java:302) ~[spring-beans-4.3.6.RELEASE.jar:4.3.6.RELEASE]
	at org.springframework.beans.factory.support.AbstractBeanFactory.getBean(AbstractBeanFactory.java:197) ~[spring-beans-4.3.6.RELEASE.jar:4.3.6.RELEASE]
	at org.springframework.beans.factory.support.ConstructorResolver.instantiateUsingFactoryMethod(ConstructorResolver.java:372) ~[spring-beans-4.3.6.RELEASE.jar:4.3.6.RELEASE]
	at org.springframework.beans.factory.support.AbstractAutowireCapableBeanFactory.instantiateUsingFactoryMethod(AbstractAutowireCapableBeanFactory.java:1173) ~[spring-beans-4.3.6.RELEASE.jar:4.3.6.RELEASE]
	at org.springframework.beans.factory.support.AbstractAutowireCapableBeanFactory.createBeanInstance(AbstractAutowireCapableBeanFactory.java:1067) ~[spring-beans-4.3.6.RELEASE.jar:4.3.6.RELEASE]
	at org.springframework.beans.factory.support.AbstractAutowireCapableBeanFactory.doCreateBean(AbstractAutowireCapableBeanFactory.java:513) ~[spring-beans-4.3.6.RELEASE.jar:4.3.6.RELEASE]
	at org.springframework.beans.factory.support.AbstractAutowireCapableBeanFactory.createBean(AbstractAutowireCapableBeanFactory.java:483) ~[spring-beans-4.3.6.RELEASE.jar:4.3.6.RELEASE]
	at org.springframework.beans.factory.support.AbstractBeanFactory$1.getObject(AbstractBeanFactory.java:306) ~[spring-beans-4.3.6.RELEASE.jar:4.3.6.RELEASE]
	at org.springframework.beans.factory.support.DefaultSingletonBeanRegistry.getSingleton(DefaultSingletonBeanRegistry.java:230) ~[spring-beans-4.3.6.RELEASE.jar:4.3.6.RELEASE]
	at org.springframework.beans.factory.support.AbstractBeanFactory.doGetBean(AbstractBeanFactory.java:302) ~[spring-beans-4.3.6.RELEASE.jar:4.3.6.RELEASE]
	at org.springframework.beans.factory.support.AbstractBeanFactory.getBean(AbstractBeanFactory.java:202) ~[spring-beans-4.3.6.RELEASE.jar:4.3.6.RELEASE]
	at org.springframework.beans.factory.support.DefaultListableBeanFactory.getBeansOfType(DefaultListableBeanFactory.java:519) ~[spring-beans-4.3.6.RELEASE.jar:4.3.6.RELEASE]
	at org.springframework.context.support.AbstractApplicationContext.getBeansOfType(AbstractApplicationContext.java:1197) ~[spring-context-4.3.6.RELEASE.jar:4.3.6.RELEASE]
	at org.springframework.boot.context.embedded.EmbeddedServletContainerCustomizerBeanPostProcessor.getCustomizers(EmbeddedServletContainerCustomizerBeanPostProcessor.java:77) ~[spring-boot-1.4.4.RELEASE.jar:1.4.4.RELEASE]
	at org.springframework.boot.context.embedded.EmbeddedServletContainerCustomizerBeanPostProcessor.postProcessBeforeInitialization(EmbeddedServletContainerCustomizerBeanPostProcessor.java:67) ~[spring-boot-1.4.4.RELEASE.jar:1.4.4.RELEASE]
	at org.springframework.boot.context.embedded.EmbeddedServletContainerCustomizerBeanPostProcessor.postProcessBeforeInitialization(EmbeddedServletContainerCustomizerBeanPostProcessor.java:54) ~[spring-boot-1.4.4.RELEASE.jar:1.4.4.RELEASE]
	at org.springframework.beans.factory.support.AbstractAutowireCapableBeanFactory.applyBeanPostProcessorsBeforeInitialization(AbstractAutowireCapableBeanFactory.java:409) ~[spring-beans-4.3.6.RELEASE.jar:4.3.6.RELEASE]
	at org.springframework.beans.factory.support.AbstractAutowireCapableBeanFactory.initializeBean(AbstractAutowireCapableBeanFactory.java:1620) ~[spring-beans-4.3.6.RELEASE.jar:4.3.6.RELEASE]
	at org.springframework.beans.factory.support.AbstractAutowireCapableBeanFactory.doCreateBean(AbstractAutowireCapableBeanFactory.java:555) ~[spring-beans-4.3.6.RELEASE.jar:4.3.6.RELEASE]
	at org.springframework.beans.factory.support.AbstractAutowireCapableBeanFactory.createBean(AbstractAutowireCapableBeanFactory.java:483) ~[spring-beans-4.3.6.RELEASE.jar:4.3.6.RELEASE]
	at org.springframework.beans.factory.support.AbstractBeanFactory$1.getObject(AbstractBeanFactory.java:306) ~[spring-beans-4.3.6.RELEASE.jar:4.3.6.RELEASE]
	at org.springframework.beans.factory.support.DefaultSingletonBeanRegistry.getSingleton(DefaultSingletonBeanRegistry.java:230) ~[spring-beans-4.3.6.RELEASE.jar:4.3.6.RELEASE]
	at org.springframework.beans.factory.support.AbstractBeanFactory.doGetBean(AbstractBeanFactory.java:302) ~[spring-beans-4.3.6.RELEASE.jar:4.3.6.RELEASE]
	at org.springframework.beans.factory.support.AbstractBeanFactory.getBean(AbstractBeanFactory.java:202) ~[spring-beans-4.3.6.RELEASE.jar:4.3.6.RELEASE]
	at org.springframework.boot.context.embedded.EmbeddedWebApplicationContext.getEmbeddedServletContainerFactory(EmbeddedWebApplicationContext.java:199) ~[spring-boot-1.4.4.RELEASE.jar:1.4.4.RELEASE]
	at org.springframework.boot.context.embedded.EmbeddedWebApplicationContext.createEmbeddedServletContainer(EmbeddedWebApplicationContext.java:162) ~[spring-boot-1.4.4.RELEASE.jar:1.4.4.RELEASE]
	at org.springframework.boot.context.embedded.EmbeddedWebApplicationContext.onRefresh(EmbeddedWebApplicationContext.java:134) ~[spring-boot-1.4.4.RELEASE.jar:1.4.4.RELEASE]
	... 8 more
Caused by: java.lang.NoClassDefFoundError: javax/xml/bind/ValidationException
	at java.base/java.lang.ClassLoader.defineClass1(Native Method) ~[?:?]
	at java.base/java.lang.ClassLoader.defineClass(ClassLoader.java:1017) ~[?:?]
	at java.base/java.security.SecureClassLoader.defineClass(SecureClassLoader.java:174) ~[?:?]
	at java.base/jdk.internal.loader.BuiltinClassLoader.defineClass(BuiltinClassLoader.java:800) ~[?:?]
	at java.base/jdk.internal.loader.BuiltinClassLoader.findClassOnClassPathOrNull(BuiltinClassLoader.java:698) ~[?:?]
	at java.base/jdk.internal.loader.BuiltinClassLoader.loadClassOrNull(BuiltinClassLoader.java:621) ~[?:?]
	at java.base/jdk.internal.loader.BuiltinClassLoader.loadClass(BuiltinClassLoader.java:579) ~[?:?]
	at java.base/jdk.internal.loader.ClassLoaders$AppClassLoader.loadClass(ClassLoaders.java:178) ~[?:?]
	at java.base/java.lang.ClassLoader.loadClass(ClassLoader.java:522) ~[?:?]
	at org.hibernate.validator.internal.engine.ConfigurationImpl.<init>(ConfigurationImpl.java:129) ~[hibernate-validator-5.2.4.Final.jar:5.2.4.Final]
	at org.hibernate.validator.internal.engine.ConfigurationImpl.<init>(ConfigurationImpl.java:96) ~[hibernate-validator-5.2.4.Final.jar:5.2.4.Final]
	at org.hibernate.validator.HibernateValidator.createGenericConfiguration(HibernateValidator.java:31) ~[hibernate-validator-5.2.4.Final.jar:5.2.4.Final]
	at javax.validation.Validation$GenericBootstrapImpl.configure(Validation.java:276) ~[validation-api-1.1.0.Final.jar:?]
	at org.springframework.validation.beanvalidation.LocalValidatorFactoryBean.afterPropertiesSet(LocalValidatorFactoryBean.java:248) ~[spring-context-4.3.6.RELEASE.jar:4.3.6.RELEASE]
	at org.springframework.boot.context.properties.ConfigurationPropertiesBindingPostProcessor$LocalValidatorFactory.run(ConfigurationPropertiesBindingPostProcessor.java:453) ~[spring-boot-1.4.4.RELEASE.jar:1.4.4.RELEASE]
	at org.springframework.boot.context.properties.ConfigurationPropertiesBindingPostProcessor.getValidator(ConfigurationPropertiesBindingPostProcessor.java:387) ~[spring-boot-1.4.4.RELEASE.jar:1.4.4.RELEASE]
	at org.springframework.boot.context.properties.ConfigurationPropertiesBindingPostProcessor.determineValidator(ConfigurationPropertiesBindingPostProcessor.java:370) ~[spring-boot-1.4.4.RELEASE.jar:1.4.4.RELEASE]
	at org.springframework.boot.context.properties.ConfigurationPropertiesBindingPostProcessor.postProcessBeforeInitialization(ConfigurationPropertiesBindingPostProcessor.java:332) ~[spring-boot-1.4.4.RELEASE.jar:1.4.4.RELEASE]
	at org.springframework.boot.context.properties.ConfigurationPropertiesBindingPostProcessor.postProcessBeforeInitialization(ConfigurationPropertiesBindingPostProcessor.java:303) ~[spring-boot-1.4.4.RELEASE.jar:1.4.4.RELEASE]
	at org.springframework.beans.factory.support.AbstractAutowireCapableBeanFactory.applyBeanPostProcessorsBeforeInitialization(AbstractAutowireCapableBeanFactory.java:409) ~[spring-beans-4.3.6.RELEASE.jar:4.3.6.RELEASE]
	at org.springframework.beans.factory.support.AbstractAutowireCapableBeanFactory.initializeBean(AbstractAutowireCapableBeanFactory.java:1620) ~[spring-beans-4.3.6.RELEASE.jar:4.3.6.RELEASE]
	at org.springframework.beans.factory.support.AbstractAutowireCapableBeanFactory.doCreateBean(AbstractAutowireCapableBeanFactory.java:555) ~[spring-beans-4.3.6.RELEASE.jar:4.3.6.RELEASE]
	at org.springframework.beans.factory.support.AbstractAutowireCapableBeanFactory.createBean(AbstractAutowireCapableBeanFactory.java:483) ~[spring-beans-4.3.6.RELEASE.jar:4.3.6.RELEASE]
	at org.springframework.beans.factory.support.AbstractBeanFactory$1.getObject(AbstractBeanFactory.java:306) ~[spring-beans-4.3.6.RELEASE.jar:4.3.6.RELEASE]
	at org.springframework.beans.factory.support.DefaultSingletonBeanRegistry.getSingleton(DefaultSingletonBeanRegistry.java:230) ~[spring-beans-4.3.6.RELEASE.jar:4.3.6.RELEASE]
	at org.springframework.beans.factory.support.AbstractBeanFactory.doGetBean(AbstractBeanFactory.java:302) ~[spring-beans-4.3.6.RELEASE.jar:4.3.6.RELEASE]
	at org.springframework.beans.factory.support.AbstractBeanFactory.getBean(AbstractBeanFactory.java:202) ~[spring-beans-4.3.6.RELEASE.jar:4.3.6.RELEASE]
	at org.springframework.beans.factory.config.DependencyDescriptor.resolveCandidate(DependencyDescriptor.java:208) ~[spring-beans-4.3.6.RELEASE.jar:4.3.6.RELEASE]
	at org.springframework.beans.factory.support.DefaultListableBeanFactory.doResolveDependency(DefaultListableBeanFactory.java:1138) ~[spring-beans-4.3.6.RELEASE.jar:4.3.6.RELEASE]
	at org.springframework.beans.factory.support.DefaultListableBeanFactory.resolveDependency(DefaultListableBeanFactory.java:1066) ~[spring-beans-4.3.6.RELEASE.jar:4.3.6.RELEASE]
	at org.springframework.beans.factory.support.ConstructorResolver.resolveAutowiredArgument(ConstructorResolver.java:835) ~[spring-beans-4.3.6.RELEASE.jar:4.3.6.RELEASE]
	at org.springframework.beans.factory.support.ConstructorResolver.createArgumentArray(ConstructorResolver.java:741) ~[spring-beans-4.3.6.RELEASE.jar:4.3.6.RELEASE]
	at org.springframework.beans.factory.support.ConstructorResolver.autowireConstructor(ConstructorResolver.java:189) ~[spring-beans-4.3.6.RELEASE.jar:4.3.6.RELEASE]
	at org.springframework.beans.factory.support.AbstractAutowireCapableBeanFactory.autowireConstructor(AbstractAutowireCapableBeanFactory.java:1193) ~[spring-beans-4.3.6.RELEASE.jar:4.3.6.RELEASE]
	at org.springframework.beans.factory.support.AbstractAutowireCapableBeanFactory.createBeanInstance(AbstractAutowireCapableBeanFactory.java:1095) ~[spring-beans-4.3.6.RELEASE.jar:4.3.6.RELEASE]
	at org.springframework.beans.factory.support.AbstractAutowireCapableBeanFactory.doCreateBean(AbstractAutowireCapableBeanFactory.java:513) ~[spring-beans-4.3.6.RELEASE.jar:4.3.6.RELEASE]
	at org.springframework.beans.factory.support.AbstractAutowireCapableBeanFactory.createBean(AbstractAutowireCapableBeanFactory.java:483) ~[spring-beans-4.3.6.RELEASE.jar:4.3.6.RELEASE]
	at org.springframework.beans.factory.support.AbstractBeanFactory$1.getObject(AbstractBeanFactory.java:306) ~[spring-beans-4.3.6.RELEASE.jar:4.3.6.RELEASE]
	at org.springframework.beans.factory.support.DefaultSingletonBeanRegistry.getSingleton(DefaultSingletonBeanRegistry.java:230) ~[spring-beans-4.3.6.RELEASE.jar:4.3.6.RELEASE]
	at org.springframework.beans.factory.support.AbstractBeanFactory.doGetBean(AbstractBeanFactory.java:302) ~[spring-beans-4.3.6.RELEASE.jar:4.3.6.RELEASE]
	at org.springframework.beans.factory.support.AbstractBeanFactory.getBean(AbstractBeanFactory.java:197) ~[spring-beans-4.3.6.RELEASE.jar:4.3.6.RELEASE]
	at org.springframework.beans.factory.support.ConstructorResolver.instantiateUsingFactoryMethod(ConstructorResolver.java:372) ~[spring-beans-4.3.6.RELEASE.jar:4.3.6.RELEASE]
	at org.springframework.beans.factory.support.AbstractAutowireCapableBeanFactory.instantiateUsingFactoryMethod(AbstractAutowireCapableBeanFactory.java:1173) ~[spring-beans-4.3.6.RELEASE.jar:4.3.6.RELEASE]
	at org.springframework.beans.factory.support.AbstractAutowireCapableBeanFactory.createBeanInstance(AbstractAutowireCapableBeanFactory.java:1067) ~[spring-beans-4.3.6.RELEASE.jar:4.3.6.RELEASE]
	at org.springframework.beans.factory.support.AbstractAutowireCapableBeanFactory.doCreateBean(AbstractAutowireCapableBeanFactory.java:513) ~[spring-beans-4.3.6.RELEASE.jar:4.3.6.RELEASE]
	at org.springframework.beans.factory.support.AbstractAutowireCapableBeanFactory.createBean(AbstractAutowireCapableBeanFactory.java:483) ~[spring-beans-4.3.6.RELEASE.jar:4.3.6.RELEASE]
	at org.springframework.beans.factory.support.AbstractBeanFactory$1.getObject(AbstractBeanFactory.java:306) ~[spring-beans-4.3.6.RELEASE.jar:4.3.6.RELEASE]
	at org.springframework.beans.factory.support.DefaultSingletonBeanRegistry.getSingleton(DefaultSingletonBeanRegistry.java:230) ~[spring-beans-4.3.6.RELEASE.jar:4.3.6.RELEASE]
	at org.springframework.beans.factory.support.AbstractBeanFactory.doGetBean(AbstractBeanFactory.java:302) ~[spring-beans-4.3.6.RELEASE.jar:4.3.6.RELEASE]
	at org.springframework.beans.factory.support.AbstractBeanFactory.getBean(AbstractBeanFactory.java:202) ~[spring-beans-4.3.6.RELEASE.jar:4.3.6.RELEASE]
	at org.springframework.beans.factory.support.DefaultListableBeanFactory.getBeansOfType(DefaultListableBeanFactory.java:519) ~[spring-beans-4.3.6.RELEASE.jar:4.3.6.RELEASE]
	at org.springframework.context.support.AbstractApplicationContext.getBeansOfType(AbstractApplicationContext.java:1197) ~[spring-context-4.3.6.RELEASE.jar:4.3.6.RELEASE]
	at org.springframework.boot.context.embedded.EmbeddedServletContainerCustomizerBeanPostProcessor.getCustomizers(EmbeddedServletContainerCustomizerBeanPostProcessor.java:77) ~[spring-boot-1.4.4.RELEASE.jar:1.4.4.RELEASE]
	at org.springframework.boot.context.embedded.EmbeddedServletContainerCustomizerBeanPostProcessor.postProcessBeforeInitialization(EmbeddedServletContainerCustomizerBeanPostProcessor.java:67) ~[spring-boot-1.4.4.RELEASE.jar:1.4.4.RELEASE]
	at org.springframework.boot.context.embedded.EmbeddedServletContainerCustomizerBeanPostProcessor.postProcessBeforeInitialization(EmbeddedServletContainerCustomizerBeanPostProcessor.java:54) ~[spring-boot-1.4.4.RELEASE.jar:1.4.4.RELEASE]
	at org.springframework.beans.factory.support.AbstractAutowireCapableBeanFactory.applyBeanPostProcessorsBeforeInitialization(AbstractAutowireCapableBeanFactory.java:409) ~[spring-beans-4.3.6.RELEASE.jar:4.3.6.RELEASE]
	at org.springframework.beans.factory.support.AbstractAutowireCapableBeanFactory.initializeBean(AbstractAutowireCapableBeanFactory.java:1620) ~[spring-beans-4.3.6.RELEASE.jar:4.3.6.RELEASE]
	at org.springframework.beans.factory.support.AbstractAutowireCapableBeanFactory.doCreateBean(AbstractAutowireCapableBeanFactory.java:555) ~[spring-beans-4.3.6.RELEASE.jar:4.3.6.RELEASE]
	at org.springframework.beans.factory.support.AbstractAutowireCapableBeanFactory.createBean(AbstractAutowireCapableBeanFactory.java:483) ~[spring-beans-4.3.6.RELEASE.jar:4.3.6.RELEASE]
	at org.springframework.beans.factory.support.AbstractBeanFactory$1.getObject(AbstractBeanFactory.java:306) ~[spring-beans-4.3.6.RELEASE.jar:4.3.6.RELEASE]
	at org.springframework.beans.factory.support.DefaultSingletonBeanRegistry.getSingleton(DefaultSingletonBeanRegistry.java:230) ~[spring-beans-4.3.6.RELEASE.jar:4.3.6.RELEASE]
	at org.springframework.beans.factory.support.AbstractBeanFactory.doGetBean(AbstractBeanFactory.java:302) ~[spring-beans-4.3.6.RELEASE.jar:4.3.6.RELEASE]
	at org.springframework.beans.factory.support.AbstractBeanFactory.getBean(AbstractBeanFactory.java:202) ~[spring-beans-4.3.6.RELEASE.jar:4.3.6.RELEASE]
	at org.springframework.boot.context.embedded.EmbeddedWebApplicationContext.getEmbeddedServletContainerFactory(EmbeddedWebApplicationContext.java:199) ~[spring-boot-1.4.4.RELEASE.jar:1.4.4.RELEASE]
	at org.springframework.boot.context.embedded.EmbeddedWebApplicationContext.createEmbeddedServletContainer(EmbeddedWebApplicationContext.java:162) ~[spring-boot-1.4.4.RELEASE.jar:1.4.4.RELEASE]
	at org.springframework.boot.context.embedded.EmbeddedWebApplicationContext.onRefresh(EmbeddedWebApplicationContext.java:134) ~[spring-boot-1.4.4.RELEASE.jar:1.4.4.RELEASE]
	... 8 more
Caused by: java.lang.ClassNotFoundException: javax.xml.bind.ValidationException
	at java.base/jdk.internal.loader.BuiltinClassLoader.loadClass(BuiltinClassLoader.java:581) ~[?:?]
	at java.base/jdk.internal.loader.ClassLoaders$AppClassLoader.loadClass(ClassLoaders.java:178) ~[?:?]
	at java.base/java.lang.ClassLoader.loadClass(ClassLoader.java:522) ~[?:?]
	at java.base/java.lang.ClassLoader.defineClass1(Native Method) ~[?:?]
	at java.base/java.lang.ClassLoader.defineClass(ClassLoader.java:1017) ~[?:?]
	at java.base/java.security.SecureClassLoader.defineClass(SecureClassLoader.java:174) ~[?:?]
	at java.base/jdk.internal.loader.BuiltinClassLoader.defineClass(BuiltinClassLoader.java:800) ~[?:?]
	at java.base/jdk.internal.loader.BuiltinClassLoader.findClassOnClassPathOrNull(BuiltinClassLoader.java:698) ~[?:?]
	at java.base/jdk.internal.loader.BuiltinClassLoader.loadClassOrNull(BuiltinClassLoader.java:621) ~[?:?]
	at java.base/jdk.internal.loader.BuiltinClassLoader.loadClass(BuiltinClassLoader.java:579) ~[?:?]
	at java.base/jdk.internal.loader.ClassLoaders$AppClassLoader.loadClass(ClassLoaders.java:178) ~[?:?]
	at java.base/java.lang.ClassLoader.loadClass(ClassLoader.java:522) ~[?:?]
	at org.hibernate.validator.internal.engine.ConfigurationImpl.<init>(ConfigurationImpl.java:129) ~[hibernate-validator-5.2.4.Final.jar:5.2.4.Final]
	at org.hibernate.validator.internal.engine.ConfigurationImpl.<init>(ConfigurationImpl.java:96) ~[hibernate-validator-5.2.4.Final.jar:5.2.4.Final]
	at org.hibernate.validator.HibernateValidator.createGenericConfiguration(HibernateValidator.java:31) ~[hibernate-validator-5.2.4.Final.jar:5.2.4.Final]
	at javax.validation.Validation$GenericBootstrapImpl.configure(Validation.java:276) ~[validation-api-1.1.0.Final.jar:?]
	at org.springframework.validation.beanvalidation.LocalValidatorFactoryBean.afterPropertiesSet(LocalValidatorFactoryBean.java:248) ~[spring-context-4.3.6.RELEASE.jar:4.3.6.RELEASE]
	at org.springframework.boot.context.properties.ConfigurationPropertiesBindingPostProcessor$LocalValidatorFactory.run(ConfigurationPropertiesBindingPostProcessor.java:453) ~[spring-boot-1.4.4.RELEASE.jar:1.4.4.RELEASE]
	at org.springframework.boot.context.properties.ConfigurationPropertiesBindingPostProcessor.getValidator(ConfigurationPropertiesBindingPostProcessor.java:387) ~[spring-boot-1.4.4.RELEASE.jar:1.4.4.RELEASE]
	at org.springframework.boot.context.properties.ConfigurationPropertiesBindingPostProcessor.determineValidator(ConfigurationPropertiesBindingPostProcessor.java:370) ~[spring-boot-1.4.4.RELEASE.jar:1.4.4.RELEASE]
	at org.springframework.boot.context.properties.ConfigurationPropertiesBindingPostProcessor.postProcessBeforeInitialization(ConfigurationPropertiesBindingPostProcessor.java:332) ~[spring-boot-1.4.4.RELEASE.jar:1.4.4.RELEASE]
	at org.springframework.boot.context.properties.ConfigurationPropertiesBindingPostProcessor.postProcessBeforeInitialization(ConfigurationPropertiesBindingPostProcessor.java:303) ~[spring-boot-1.4.4.RELEASE.jar:1.4.4.RELEASE]
	at org.springframework.beans.factory.support.AbstractAutowireCapableBeanFactory.applyBeanPostProcessorsBeforeInitialization(AbstractAutowireCapableBeanFactory.java:409) ~[spring-beans-4.3.6.RELEASE.jar:4.3.6.RELEASE]
	at org.springframework.beans.factory.support.AbstractAutowireCapableBeanFactory.initializeBean(AbstractAutowireCapableBeanFactory.java:1620) ~[spring-beans-4.3.6.RELEASE.jar:4.3.6.RELEASE]
	at org.springframework.beans.factory.support.AbstractAutowireCapableBeanFactory.doCreateBean(AbstractAutowireCapableBeanFactory.java:555) ~[spring-beans-4.3.6.RELEASE.jar:4.3.6.RELEASE]
	at org.springframework.beans.factory.support.AbstractAutowireCapableBeanFactory.createBean(AbstractAutowireCapableBeanFactory.java:483) ~[spring-beans-4.3.6.RELEASE.jar:4.3.6.RELEASE]
	at org.springframework.beans.factory.support.AbstractBeanFactory$1.getObject(AbstractBeanFactory.java:306) ~[spring-beans-4.3.6.RELEASE.jar:4.3.6.RELEASE]
	at org.springframework.beans.factory.support.DefaultSingletonBeanRegistry.getSingleton(DefaultSingletonBeanRegistry.java:230) ~[spring-beans-4.3.6.RELEASE.jar:4.3.6.RELEASE]
	at org.springframework.beans.factory.support.AbstractBeanFactory.doGetBean(AbstractBeanFactory.java:302) ~[spring-beans-4.3.6.RELEASE.jar:4.3.6.RELEASE]
	at org.springframework.beans.factory.support.AbstractBeanFactory.getBean(AbstractBeanFactory.java:202) ~[spring-beans-4.3.6.RELEASE.jar:4.3.6.RELEASE]
	at org.springframework.beans.factory.config.DependencyDescriptor.resolveCandidate(DependencyDescriptor.java:208) ~[spring-beans-4.3.6.RELEASE.jar:4.3.6.RELEASE]
	at org.springframework.beans.factory.support.DefaultListableBeanFactory.doResolveDependency(DefaultListableBeanFactory.java:1138) ~[spring-beans-4.3.6.RELEASE.jar:4.3.6.RELEASE]
	at org.springframework.beans.factory.support.DefaultListableBeanFactory.resolveDependency(DefaultListableBeanFactory.java:1066) ~[spring-beans-4.3.6.RELEASE.jar:4.3.6.RELEASE]
	at org.springframework.beans.factory.support.ConstructorResolver.resolveAutowiredArgument(ConstructorResolver.java:835) ~[spring-beans-4.3.6.RELEASE.jar:4.3.6.RELEASE]
	at org.springframework.beans.factory.support.ConstructorResolver.createArgumentArray(ConstructorResolver.java:741) ~[spring-beans-4.3.6.RELEASE.jar:4.3.6.RELEASE]
	at org.springframework.beans.factory.support.ConstructorResolver.autowireConstructor(ConstructorResolver.java:189) ~[spring-beans-4.3.6.RELEASE.jar:4.3.6.RELEASE]
	at org.springframework.beans.factory.support.AbstractAutowireCapableBeanFactory.autowireConstructor(AbstractAutowireCapableBeanFactory.java:1193) ~[spring-beans-4.3.6.RELEASE.jar:4.3.6.RELEASE]
	at org.springframework.beans.factory.support.AbstractAutowireCapableBeanFactory.createBeanInstance(AbstractAutowireCapableBeanFactory.java:1095) ~[spring-beans-4.3.6.RELEASE.jar:4.3.6.RELEASE]
	at org.springframework.beans.factory.support.AbstractAutowireCapableBeanFactory.doCreateBean(AbstractAutowireCapableBeanFactory.java:513) ~[spring-beans-4.3.6.RELEASE.jar:4.3.6.RELEASE]
	at org.springframework.beans.factory.support.AbstractAutowireCapableBeanFactory.createBean(AbstractAutowireCapableBeanFactory.java:483) ~[spring-beans-4.3.6.RELEASE.jar:4.3.6.RELEASE]
	at org.springframework.beans.factory.support.AbstractBeanFactory$1.getObject(AbstractBeanFactory.java:306) ~[spring-beans-4.3.6.RELEASE.jar:4.3.6.RELEASE]
	at org.springframework.beans.factory.support.DefaultSingletonBeanRegistry.getSingleton(DefaultSingletonBeanRegistry.java:230) ~[spring-beans-4.3.6.RELEASE.jar:4.3.6.RELEASE]
	at org.springframework.beans.factory.support.AbstractBeanFactory.doGetBean(AbstractBeanFactory.java:302) ~[spring-beans-4.3.6.RELEASE.jar:4.3.6.RELEASE]
	at org.springframework.beans.factory.support.AbstractBeanFactory.getBean(AbstractBeanFactory.java:197) ~[spring-beans-4.3.6.RELEASE.jar:4.3.6.RELEASE]
	at org.springframework.beans.factory.support.ConstructorResolver.instantiateUsingFactoryMethod(ConstructorResolver.java:372) ~[spring-beans-4.3.6.RELEASE.jar:4.3.6.RELEASE]
	at org.springframework.beans.factory.support.AbstractAutowireCapableBeanFactory.instantiateUsingFactoryMethod(AbstractAutowireCapableBeanFactory.java:1173) ~[spring-beans-4.3.6.RELEASE.jar:4.3.6.RELEASE]
	at org.springframework.beans.factory.support.AbstractAutowireCapableBeanFactory.createBeanInstance(AbstractAutowireCapableBeanFactory.java:1067) ~[spring-beans-4.3.6.RELEASE.jar:4.3.6.RELEASE]
	at org.springframework.beans.factory.support.AbstractAutowireCapableBeanFactory.doCreateBean(AbstractAutowireCapableBeanFactory.java:513) ~[spring-beans-4.3.6.RELEASE.jar:4.3.6.RELEASE]
	at org.springframework.beans.factory.support.AbstractAutowireCapableBeanFactory.createBean(AbstractAutowireCapableBeanFactory.java:483) ~[spring-beans-4.3.6.RELEASE.jar:4.3.6.RELEASE]
	at org.springframework.beans.factory.support.AbstractBeanFactory$1.getObject(AbstractBeanFactory.java:306) ~[spring-beans-4.3.6.RELEASE.jar:4.3.6.RELEASE]
	at org.springframework.beans.factory.support.DefaultSingletonBeanRegistry.getSingleton(DefaultSingletonBeanRegistry.java:230) ~[spring-beans-4.3.6.RELEASE.jar:4.3.6.RELEASE]
	at org.springframework.beans.factory.support.AbstractBeanFactory.doGetBean(AbstractBeanFactory.java:302) ~[spring-beans-4.3.6.RELEASE.jar:4.3.6.RELEASE]
	at org.springframework.beans.factory.support.AbstractBeanFactory.getBean(AbstractBeanFactory.java:202) ~[spring-beans-4.3.6.RELEASE.jar:4.3.6.RELEASE]
	at org.springframework.beans.factory.support.DefaultListableBeanFactory.getBeansOfType(DefaultListableBeanFactory.java:519) ~[spring-beans-4.3.6.RELEASE.jar:4.3.6.RELEASE]
	at org.springframework.context.support.AbstractApplicationContext.getBeansOfType(AbstractApplicationContext.java:1197) ~[spring-context-4.3.6.RELEASE.jar:4.3.6.RELEASE]
	at org.springframework.boot.context.embedded.EmbeddedServletContainerCustomizerBeanPostProcessor.getCustomizers(EmbeddedServletContainerCustomizerBeanPostProcessor.java:77) ~[spring-boot-1.4.4.RELEASE.jar:1.4.4.RELEASE]
	at org.springframework.boot.context.embedded.EmbeddedServletContainerCustomizerBeanPostProcessor.postProcessBeforeInitialization(EmbeddedServletContainerCustomizerBeanPostProcessor.java:67) ~[spring-boot-1.4.4.RELEASE.jar:1.4.4.RELEASE]
	at org.springframework.boot.context.embedded.EmbeddedServletContainerCustomizerBeanPostProcessor.postProcessBeforeInitialization(EmbeddedServletContainerCustomizerBeanPostProcessor.java:54) ~[spring-boot-1.4.4.RELEASE.jar:1.4.4.RELEASE]
	at org.springframework.beans.factory.support.AbstractAutowireCapableBeanFactory.applyBeanPostProcessorsBeforeInitialization(AbstractAutowireCapableBeanFactory.java:409) ~[spring-beans-4.3.6.RELEASE.jar:4.3.6.RELEASE]
	at org.springframework.beans.factory.support.AbstractAutowireCapableBeanFactory.initializeBean(AbstractAutowireCapableBeanFactory.java:1620) ~[spring-beans-4.3.6.RELEASE.jar:4.3.6.RELEASE]
	at org.springframework.beans.factory.support.AbstractAutowireCapableBeanFactory.doCreateBean(AbstractAutowireCapableBeanFactory.java:555) ~[spring-beans-4.3.6.RELEASE.jar:4.3.6.RELEASE]
	at org.springframework.beans.factory.support.AbstractAutowireCapableBeanFactory.createBean(AbstractAutowireCapableBeanFactory.java:483) ~[spring-beans-4.3.6.RELEASE.jar:4.3.6.RELEASE]
	at org.springframework.beans.factory.support.AbstractBeanFactory$1.getObject(AbstractBeanFactory.java:306) ~[spring-beans-4.3.6.RELEASE.jar:4.3.6.RELEASE]
	at org.springframework.beans.factory.support.DefaultSingletonBeanRegistry.getSingleton(DefaultSingletonBeanRegistry.java:230) ~[spring-beans-4.3.6.RELEASE.jar:4.3.6.RELEASE]
	at org.springframework.beans.factory.support.AbstractBeanFactory.doGetBean(AbstractBeanFactory.java:302) ~[spring-beans-4.3.6.RELEASE.jar:4.3.6.RELEASE]
	at org.springframework.beans.factory.support.AbstractBeanFactory.getBean(AbstractBeanFactory.java:202) ~[spring-beans-4.3.6.RELEASE.jar:4.3.6.RELEASE]
	at org.springframework.boot.context.embedded.EmbeddedWebApplicationContext.getEmbeddedServletContainerFactory(EmbeddedWebApplicationContext.java:199) ~[spring-boot-1.4.4.RELEASE.jar:1.4.4.RELEASE]
	at org.springframework.boot.context.embedded.EmbeddedWebApplicationContext.createEmbeddedServletContainer(EmbeddedWebApplicationContext.java:162) ~[spring-boot-1.4.4.RELEASE.jar:1.4.4.RELEASE]
	at org.springframework.boot.context.embedded.EmbeddedWebApplicationContext.onRefresh(EmbeddedWebApplicationContext.java:134) ~[spring-boot-1.4.4.RELEASE.jar:1.4.4.RELEASE]
	... 8 more

